<?xml version="1.0" encoding="UTF-8"?>
<!-- Generated by org.testng.reporters.JUnitXMLReporter -->
<testsuite ignored="0" hostname="DESKTOP-2V6V6GU" failures="0" tests="3" name="Demo WebShop Test" time="19.639" errors="0" timestamp="2025-02-04T16:35:58 IST">
  <testcase classname="testcases.SearchTest" name="searchtestcase" time="5.759"/>
  <testcase classname="testcases.VoteTest" name="Votetest" time="8.108"/>
  <testcase classname="testcases.SubscribeTest" name="Subscribetest" time="5.741"/>
</testsuite> <!-- Demo WebShop Test -->
