<?xml version="1.0" encoding="UTF-8"?>
<testng-results ignored="0" total="2" passed="2" failed="0" skipped="0">
  <reporter-output>
  </reporter-output>
  <suite started-at="2025-03-03T17:42:18 IST" name="Suite" finished-at="2025-03-03T17:42:18 IST" duration-ms="49">
    <groups>
    </groups>
    <test started-at="2025-03-03T17:42:18 IST" name="Test" finished-at="2025-03-03T17:42:18 IST" duration-ms="49">
      <class name="pack1.ContactTest">
        <test-method signature="createContactTest()[pri:0, instance:pack1.ContactTest@6f1de4c7]" started-at="2025-03-03T17:42:18 IST" name="createContactTest" finished-at="2025-03-03T17:42:18 IST" duration-ms="9" status="PASS">
          <reporter-output>
          </reporter-output>
        </test-method> <!-- createContactTest -->
        <test-method signature="modifyContactTest()[pri:0, instance:pack1.ContactTest@6f1de4c7]" started-at="2025-03-03T17:42:18 IST" name="modifyContactTest" finished-at="2025-03-03T17:42:18 IST" duration-ms="1" status="PASS">
          <reporter-output>
          </reporter-output>
        </test-method> <!-- modifyContactTest -->
      </class> <!-- pack1.ContactTest -->
    </test> <!-- Test -->
  </suite> <!-- Suite -->
</testng-results>
