<?xml version="1.0" encoding="UTF-8"?>
<testng-results ignored="0" total="4" passed="4" failed="0" skipped="0">
  <reporter-output>
  </reporter-output>
  <suite started-at="2025-03-05T15:59:58 IST" name="Suite" finished-at="2025-03-05T15:59:59 IST" duration-ms="93">
    <groups>
    </groups>
    <test started-at="2025-03-05T15:59:58 IST" name="Test" finished-at="2025-03-05T15:59:59 IST" duration-ms="93">
      <class name="pack1.ContactTest">
        <test-method signature="createContactTest()[pri:0, instance:pack1.ContactTest@71d44a3]" started-at="2025-03-05T15:59:59 IST" name="createContactTest" finished-at="2025-03-05T15:59:59 IST" duration-ms="1" status="PASS">
          <reporter-output>
          </reporter-output>
        </test-method> <!-- createContactTest -->
        <test-method signature="modifyContactTest()[pri:0, instance:pack1.ContactTest@71d44a3]" started-at="2025-03-05T15:59:59 IST" name="modifyContactTest" finished-at="2025-03-05T15:59:59 IST" duration-ms="2" status="PASS">
          <reporter-output>
          </reporter-output>
        </test-method> <!-- modifyContactTest -->
      </class> <!-- pack1.ContactTest -->
      <class name="pack2.orgTest">
        <test-method signature="createOrgTest()[pri:0, instance:pack2.orgTest@3270d194]" started-at="2025-03-05T15:59:59 IST" name="createOrgTest" finished-at="2025-03-05T15:59:59 IST" duration-ms="12" status="PASS">
          <reporter-output>
          </reporter-output>
        </test-method> <!-- createOrgTest -->
        <test-method signature="modifyOrgTest()[pri:0, instance:pack2.orgTest@3270d194]" started-at="2025-03-05T15:59:59 IST" name="modifyOrgTest" finished-at="2025-03-05T15:59:59 IST" duration-ms="5" status="PASS">
          <reporter-output>
          </reporter-output>
        </test-method> <!-- modifyOrgTest -->
      </class> <!-- pack2.orgTest -->
    </test> <!-- Test -->
  </suite> <!-- Suite -->
</testng-results>
