<?xml version="1.0" encoding="UTF-8"?>
<!-- Generated by org.testng.reporters.JUnitXMLReporter -->
<testsuite ignored="0" hostname="DESKTOP-2V6V6GU" failures="0" tests="4" name="Test" time="0.093" errors="0" timestamp="2025-03-05T15:59:59 IST">
  <testcase classname="pack2.orgTest" name="createOrgTest" time="0.012"/>
  <testcase classname="pack2.orgTest" name="modifyOrgTest" time="0.005"/>
  <testcase classname="pack1.ContactTest" name="createContactTest" time="0.001"/>
  <testcase classname="pack1.ContactTest" name="modifyContactTest" time="0.002"/>
</testsuite> <!-- Test -->
