<?xml version="1.0" encoding="UTF-8"?>
<!-- Generated by org.testng.reporters.JUnitXMLReporter -->
<testsuite ignored="2" hostname="DESKTOP-2V6V6GU" failures="0" tests="1" name="Default test" time="2.307" errors="0" timestamp="26 Feb 2025 07:07:37 GMT">
  <testcase classname="practice.testng.SampleReportTest" name="createContact" time="2.296"/>
  <testcase classname="practice.testng.SampleReportTest" name="createContactWithPhonenumber" time="0.0">
    <ignored/>
  </testcase> <!-- createContactWithPhonenumber -->
  <testcase classname="practice.testng.SampleReportTest" name="createContactWithOrg" time="0.0">
    <ignored/>
  </testcase> <!-- createContactWithOrg -->
</testsuite> <!-- Default test -->
