<?xml version="1.0" encoding="UTF-8"?>
<!-- Generated by org.testng.reporters.JUnitXMLReporter -->
<testsuite ignored="2" hostname="DESKTOP-2V6V6GU" failures="0" tests="4" name="Test" time="0.032" errors="0" timestamp="19 Feb 2025 07:03:56 GMT">
  <testcase classname="com.crm.comcast.contacttest.CreateContactTest" name="createContact" time="0.005"/>
  <testcase classname="com.crm.comcast.contacttest.CreateContactTest" name="createContactWithDate" time="0.002"/>
  <testcase classname="com.crm.comcast.orgtest.CreateOrgTest" name="createOrgTest" time="0.002"/>
  <testcase classname="com.crm.comcast.orgtest.CreateOrgTest" name="createOrgWithIndustries" time="0.001"/>
  <testcase classname="com.crm.generic.baseutility.BaseClass" name="@BeforeSuite confifBS" time="0.0">
    <ignored/>
  </testcase> <!-- @BeforeSuite confifBS -->
  <testcase classname="com.crm.generic.baseutility.BaseClass" name="@AfterSuite configAS" time="0.0">
    <ignored/>
  </testcase> <!-- @AfterSuite configAS -->
</testsuite> <!-- Test -->
