<?xml version="1.0" encoding="UTF-8"?>
<!-- Generated by org.testng.reporters.JUnitXMLReporter -->
<testsuite ignored="2" hostname="DESKTOP-2V6V6GU" failures="0" tests="1" name="Test" time="33.719" errors="0" timestamp="27 Feb 2025 07:13:10 GMT">
  <testcase classname="com.comcast.crm.contacttest.CreateContactTest" name="createContactTest" time="27.903"/>
  <testcase classname="com.comcast.crm.contacttest.CreateContactTest" name="CreateContactWithSupportDateTest" time="0.0">
    <ignored/>
  </testcase> <!-- CreateContactWithSupportDateTest -->
  <testcase classname="com.comcast.crm.contacttest.CreateContactTest" name="CreateContactWithOrgTest" time="0.0">
    <ignored/>
  </testcase> <!-- CreateContactWithOrgTest -->
</testsuite> <!-- Test -->
