<?xml version="1.0" encoding="UTF-8"?>
<testng-results ignored="0" total="1" passed="1" failed="0" skipped="0">
  <reporter-output>
  </reporter-output>
  <suite started-at="2025-03-13T14:52:20 IST" name="Default suite" finished-at="2025-03-13T14:52:31 IST" duration-ms="10459">
    <groups>
    </groups>
    <test started-at="2025-03-13T14:52:20 IST" name="Default test" finished-at="2025-03-13T14:52:31 IST" duration-ms="10459">
      <class name="JuninsCiCDTest">
        <test-method signature="CreateJobTest()[pri:0, instance:JuninsCiCDTest@305a0c5f]" started-at="2025-03-13T14:52:21 IST" name="CreateJobTest" finished-at="2025-03-13T14:52:31 IST" duration-ms="10363" status="PASS">
          <reporter-output>
          </reporter-output>
        </test-method> <!-- CreateJobTest -->
      </class> <!-- JuninsCiCDTest -->
    </test> <!-- Default test -->
  </suite> <!-- Default suite -->
</testng-results>
