<?xml version="1.0" encoding="UTF-8"?>
<!-- Generated by org.testng.reporters.JUnitXMLReporter -->
<testsuite ignored="0" hostname="DESKTOP-2V6V6GU" failures="0" tests="5" name="Default test" time="23.457" errors="0" timestamp="2025-02-04T16:55:49 IST">
  <testcase classname="testcases.SearchTest" name="searchtestcase" time="5.546"/>
  <testcase classname="testcases.SearchTest" name="searchtestcase" time="4.47"/>
  <testcase classname="testcases.SearchTest" name="searchtestcase" time="4.373"/>
  <testcase classname="testcases.SearchTest" name="searchtestcase" time="4.417"/>
  <testcase classname="testcases.SearchTest" name="searchtestcase" time="4.602"/>
</testsuite> <!-- Default test -->
