<?xml version="1.0" encoding="UTF-8"?>
<testng-results ignored="2" total="6" passed="4" failed="0" skipped="0">
  <reporter-output>
  </reporter-output>
  <suite started-at="2025-03-06T08:02:52Z" name="Suite" finished-at="2025-03-06T08:02:52Z" duration-ms="25">
    <groups>
    </groups>
    <test started-at="2025-03-06T08:02:52Z" name="Test" finished-at="2025-03-06T08:02:52Z" duration-ms="25">
      <class name="com.crm.comcast.contacttest.CreateContactTest">
        <test-method is-config="true" signature="confifBS()[pri:0, instance:com.crm.comcast.contacttest.CreateContactTest@6e535154]" started-at="2025-03-06T08:02:52Z" name="confifBS" finished-at="2025-03-06T08:02:52Z" duration-ms="8" status="PASS">
          <reporter-output>
          </reporter-output>
        </test-method> <!-- confifBS -->
        <test-method is-config="true" signature="configBC()[pri:0, instance:com.crm.comcast.contacttest.CreateContactTest@6e535154]" started-at="2025-03-06T08:02:52Z" name="configBC" finished-at="2025-03-06T08:02:52Z" duration-ms="0" status="PASS">
          <reporter-output>
          </reporter-output>
        </test-method> <!-- configBC -->
        <test-method is-config="true" signature="configBM()[pri:0, instance:com.crm.comcast.contacttest.CreateContactTest@6e535154]" started-at="2025-03-06T08:02:52Z" name="configBM" finished-at="2025-03-06T08:02:52Z" duration-ms="0" status="PASS">
          <reporter-output>
          </reporter-output>
        </test-method> <!-- configBM -->
        <test-method signature="createContact()[pri:0, instance:com.crm.comcast.contacttest.CreateContactTest@6e535154]" started-at="2025-03-06T08:02:52Z" name="createContact" finished-at="2025-03-06T08:02:52Z" duration-ms="5" status="PASS">
          <reporter-output>
          </reporter-output>
        </test-method> <!-- createContact -->
        <test-method is-config="true" signature="configAM()[pri:0, instance:com.crm.comcast.contacttest.CreateContactTest@6e535154]" started-at="2025-03-06T08:02:52Z" name="configAM" finished-at="2025-03-06T08:02:52Z" duration-ms="0" status="PASS">
          <reporter-output>
          </reporter-output>
        </test-method> <!-- configAM -->
        <test-method signature="createContactWithDate()[pri:0, instance:com.crm.comcast.contacttest.CreateContactTest@6e535154]" started-at="2025-03-06T08:02:52Z" name="createContactWithDate" finished-at="2025-03-06T08:02:52Z" duration-ms="1" status="PASS">
          <reporter-output>
          </reporter-output>
        </test-method> <!-- createContactWithDate -->
        <test-method is-config="true" signature="configBM()[pri:0, instance:com.crm.comcast.contacttest.CreateContactTest@6e535154]" started-at="2025-03-06T08:02:52Z" name="configBM" finished-at="2025-03-06T08:02:52Z" duration-ms="0" status="PASS">
          <reporter-output>
          </reporter-output>
        </test-method> <!-- configBM -->
        <test-method is-config="true" signature="configAM()[pri:0, instance:com.crm.comcast.contacttest.CreateContactTest@6e535154]" started-at="2025-03-06T08:02:52Z" name="configAM" finished-at="2025-03-06T08:02:52Z" duration-ms="1" status="PASS">
          <reporter-output>
          </reporter-output>
        </test-method> <!-- configAM -->
        <test-method is-config="true" signature="configAC()[pri:0, instance:com.crm.comcast.contacttest.CreateContactTest@6e535154]" started-at="2025-03-06T08:02:52Z" name="configAC" finished-at="2025-03-06T08:02:52Z" duration-ms="0" status="PASS">
          <reporter-output>
          </reporter-output>
        </test-method> <!-- configAC -->
        <test-method is-config="true" signature="configAS()[pri:0, instance:com.crm.comcast.contacttest.CreateContactTest@6e535154]" started-at="2025-03-06T08:02:52Z" name="configAS" finished-at="2025-03-06T08:02:52Z" duration-ms="0" status="PASS">
          <reporter-output>
          </reporter-output>
        </test-method> <!-- configAS -->
      </class> <!-- com.crm.comcast.contacttest.CreateContactTest -->
      <class name="com.crm.comcast.orgtest.CreateOrgTest">
        <test-method signature="createOrgTest()[pri:0, instance:com.crm.comcast.orgtest.CreateOrgTest@15a34df2]" started-at="2025-03-06T08:02:52Z" name="createOrgTest" finished-at="2025-03-06T08:02:52Z" duration-ms="1" status="PASS">
          <reporter-output>
          </reporter-output>
        </test-method> <!-- createOrgTest -->
        <test-method is-config="true" signature="configBM()[pri:0, instance:com.crm.comcast.orgtest.CreateOrgTest@15a34df2]" started-at="2025-03-06T08:02:52Z" name="configBM" finished-at="2025-03-06T08:02:52Z" duration-ms="0" status="PASS">
          <reporter-output>
          </reporter-output>
        </test-method> <!-- configBM -->
        <test-method is-config="true" signature="configBC()[pri:0, instance:com.crm.comcast.orgtest.CreateOrgTest@15a34df2]" started-at="2025-03-06T08:02:52Z" name="configBC" finished-at="2025-03-06T08:02:52Z" duration-ms="0" status="PASS">
          <reporter-output>
          </reporter-output>
        </test-method> <!-- configBC -->
        <test-method is-config="true" signature="configAM()[pri:0, instance:com.crm.comcast.orgtest.CreateOrgTest@15a34df2]" started-at="2025-03-06T08:02:52Z" name="configAM" finished-at="2025-03-06T08:02:52Z" duration-ms="0" status="PASS">
          <reporter-output>
          </reporter-output>
        </test-method> <!-- configAM -->
        <test-method is-config="true" signature="configBM()[pri:0, instance:com.crm.comcast.orgtest.CreateOrgTest@15a34df2]" started-at="2025-03-06T08:02:52Z" name="configBM" finished-at="2025-03-06T08:02:52Z" duration-ms="0" status="PASS">
          <reporter-output>
          </reporter-output>
        </test-method> <!-- configBM -->
        <test-method signature="createOrgWithIndustries()[pri:0, instance:com.crm.comcast.orgtest.CreateOrgTest@15a34df2]" started-at="2025-03-06T08:02:52Z" name="createOrgWithIndustries" finished-at="2025-03-06T08:02:52Z" duration-ms="1" status="PASS">
          <reporter-output>
          </reporter-output>
        </test-method> <!-- createOrgWithIndustries -->
        <test-method is-config="true" signature="configAC()[pri:0, instance:com.crm.comcast.orgtest.CreateOrgTest@15a34df2]" started-at="2025-03-06T08:02:52Z" name="configAC" finished-at="2025-03-06T08:02:52Z" duration-ms="1" status="PASS">
          <reporter-output>
          </reporter-output>
        </test-method> <!-- configAC -->
        <test-method is-config="true" signature="configAM()[pri:0, instance:com.crm.comcast.orgtest.CreateOrgTest@15a34df2]" started-at="2025-03-06T08:02:52Z" name="configAM" finished-at="2025-03-06T08:02:52Z" duration-ms="0" status="PASS">
          <reporter-output>
          </reporter-output>
        </test-method> <!-- configAM -->
      </class> <!-- com.crm.comcast.orgtest.CreateOrgTest -->
    </test> <!-- Test -->
  </suite> <!-- Suite -->
</testng-results>
