<?xml version="1.0" encoding="UTF-8"?>
<testng-results ignored="2" total="3" passed="1" failed="0" skipped="0">
  <reporter-output>
  </reporter-output>
  <suite started-at="2025-02-26T07:07:35Z" name="Default suite" finished-at="2025-02-26T07:07:37Z" duration-ms="2307">
    <groups>
    </groups>
    <test started-at="2025-02-26T07:07:35Z" name="Default test" finished-at="2025-02-26T07:07:37Z" duration-ms="2307">
      <class name="practice.testng.SampleReportTest">
        <test-method is-config="true" signature="configBS()[pri:0, instance:practice.testng.SampleReportTest@15a34df2]" started-at="2025-02-26T07:07:34Z" name="configBS" finished-at="2025-02-26T07:07:35Z" duration-ms="145" status="PASS">
          <reporter-output>
          </reporter-output>
        </test-method> <!-- configBS -->
        <test-method signature="createContact()[pri:0, instance:practice.testng.SampleReportTest@15a34df2]" started-at="2025-02-26T07:07:35Z" name="createContact" finished-at="2025-02-26T07:07:37Z" duration-ms="2296" status="PASS">
          <reporter-output>
          </reporter-output>
        </test-method> <!-- createContact -->
        <test-method is-config="true" signature="configAS()[pri:0, instance:practice.testng.SampleReportTest@15a34df2]" started-at="2025-02-26T07:07:37Z" name="configAS" finished-at="2025-02-26T07:07:37Z" duration-ms="191" status="PASS">
          <reporter-output>
          </reporter-output>
        </test-method> <!-- configAS -->
      </class> <!-- practice.testng.SampleReportTest -->
    </test> <!-- Default test -->
  </suite> <!-- Default suite -->
</testng-results>
