<?xml version="1.0" encoding="UTF-8"?>
<testng-results ignored="0" total="2" passed="2" failed="0" skipped="0">
  <reporter-output>
  </reporter-output>
  <suite started-at="2025-02-15T07:50:14Z" name="Surefire suite" finished-at="2025-02-15T07:50:15Z" duration-ms="681">
    <groups>
    </groups>
    <test started-at="2025-02-15T07:50:14Z" name="Surefire test" finished-at="2025-02-15T07:50:15Z" duration-ms="681">
      <class name="practice.datadriventesting.p1">
        <test-method signature="projectCheckTest()[pri:0, instance:practice.datadriventesting.p1@37574691]" started-at="2025-02-15T07:50:14Z" name="projectCheckTest" finished-at="2025-02-15T07:50:15Z" duration-ms="446" status="PASS">
          <reporter-output>
          </reporter-output>
        </test-method> <!-- projectCheckTest -->
      </class> <!-- practice.datadriventesting.p1 -->
      <class name="practise.basics.p1">
        <test-method signature="projectCheckTest()[pri:0, instance:practise.basics.p1@25359ed8]" started-at="2025-02-15T07:50:15Z" name="projectCheckTest" finished-at="2025-02-15T07:50:15Z" duration-ms="225" status="PASS">
          <reporter-output>
          </reporter-output>
        </test-method> <!-- projectCheckTest -->
      </class> <!-- practise.basics.p1 -->
    </test> <!-- Surefire test -->
  </suite> <!-- Surefire suite -->
</testng-results>
