<?xml version="1.0" encoding="UTF-8"?>
<testsuite xmlns:xsi="http://www.w3.org/2001/XMLSchema-instance" xsi:noNamespaceSchemaLocation="https://maven.apache.org/surefire/maven-surefire-plugin/xsd/surefire-test-report-3.0.xsd" version="3.0" name="TestSuite" time="0.98" tests="2" errors="0" skipped="0" failures="0">
  <properties>
[...]
</properties>
  <testcase name="projectCheckTest" classname="practice.datadriventesting.p1" time="0.584">
    <system-out><![CDATA[NH201
NH500
NH_056
NH_1071
NH_1876
NH_1932
NH_PROJ132314000
NH_PROJ14614000
NH_PROJ_0001
NH_PROJ_0002
NH_PROJ_0003
NH_PROJ_0004
NH_PROJ_0005
NH_PROJ_0006
NH_PROJ_0007
NH_PROJ_0008
NH_PROJ_0009
NH_PROJ_0010
NH_PROJ_0011
NH_PROJ_01
NH_PROJ_0198765
NH_PROJ_02
NH_PROJ_10010
NH_PROJ_13109
NH_PROJ_13110
NH_PROJ_13111
NH_PROJ_13112
NH_PROJ_13113
NH_PROJ_13114
NH_PROJ_13115
NH_PROJ_13118
NH_PROJ_13119
NH_PROJ_13120
NH_PROJ_13121
NH_PROJ_13122
NH_PROJ_13123
NH_PROJ_13124
NH_PROJ_13125
NH_PROJ_13126
NH_PROJ_13127
NH_PROJ_13128
NH_PROJ_13130
NH_PROJ_13131
NH_PROJ_13132
NH_PROJ_13133
NH_PROJ_13134
NH_PROJ_13135
NH_PROJ_13136
NH_PROJ_13137
NH_PROJ_13138
NH_PROJ_13139
NH_PROJ_13140
NH_PROJ_13141
NH_PROJ_13142
NH_PROJ_13143
NH_PROJ_13144
NH_PROJ_13145
NH_PROJ_13146
NH_PROJ_13147
NH_PROJ_13148
NH_PROJ_13149
NH_PROJ_13150
NH_PROJ_13151
NH_PROJ_13152
NH_PROJ_13153
NH_PROJ_13154
NH_PROJ_13155
NH_PROJ_13156
NH_PROJ_13157
NH_PROJ_13158
NH_PROJ_13159
NH_PROJ_13160
NH_PROJ_13161
NH_PROJ_13162
NH_PROJ_13163
NH_PROJ_13164
NH_PROJ_13165
NH_PROJ_13166
NH_PROJ_13167
NH_PROJ_13168
NH_PROJ_13169
NH_PROJ_13170
NH_PROJ_13171
NH_PROJ_13172
NH_PROJ_13173
NH_PROJ_13174
NH_PROJ_13175
NH_PROJ_13176
NH_PROJ_13177
NH_PROJ_13178
NH_PROJ_13179
NH_PROJ_13180
NH_PROJ_13181
NH_PROJ_13182
NH_PROJ_13183
NH_PROJ_13184
NH_PROJ_13185
NH_PROJ_13186
NH_PROJ_13187
NH_PROJ_13188
NH_PROJ_13189
NH_PROJ_13190
NH_PROJ_13191
NH_PROJ_13192
NH_PROJ_13193
NH_PROJ_13194
NH_PROJ_13195
NH_PROJ_13196
NH_PROJ_13197
NH_PROJ_13198
NH_PROJ_13199
NH_PROJ_13200
NH_PROJ_13201
NH_PROJ_13202
NH_PROJ_13203
NH_PROJ_13204
NH_PROJ_13205
NH_PROJ_13206
NH_PROJ_13207
NH_PROJ_13208
NH_PROJ_13209
NH_PROJ_13210
NH_PROJ_13211
NH_PROJ_13212
NH_PROJ_13213
NH_PROJ_13214
NH_PROJ_13215
NH_PROJ_13216
NH_PROJ_13217
NH_PROJ_13218
NH_PROJ_13219
NH_PROJ_13220
NH_PROJ_13221
NH_PROJ_13222
NH_PROJ_13223
NH_PROJ_13224
NH_PROJ_13225
NH_PROJ_13226
NH_PROJ_13227
NH_PROJ_13228
NH_PROJ_13229
NH_PROJ_13230
NH_PROJ_13231
NH_PROJ_13232
NH_PROJ_13233
NH_PROJ_13234
NH_PROJ_13235
NH_PROJ_13236
NH_PROJ_13237
NH_PROJ_13238
NH_PROJ_13239
NH_PROJ_13240
NH_PROJ_13241
NH_PROJ_13242
NH_PROJ_13243
NH_PROJ_13244
NH_PROJ_13245
NH_PROJ_13246
NH_PROJ_13247
NH_PROJ_13248
NH_PROJ_13249
NH_PROJ_13250
NH_PROJ_13251
NH_PROJ_13252
NH_PROJ_13253
NH_PROJ_13254
NH_PROJ_13255
NH_PROJ_13256
NH_PROJ_13257
NH_PROJ_13258
NH_PROJ_13259
NH_PROJ_13260
NH_PROJ_13261
NH_PROJ_13262
NH_PROJ_13263
NH_PROJ_13264
NH_PROJ_13265
NH_PROJ_13266
NH_PROJ_13267
NH_PROJ_13268
NH_PROJ_13269
NH_PROJ_13270
NH_PROJ_13271
NH_PROJ_13273
NH_PROJ_13274
NH_PROJ_13275
NH_PROJ_13276
NH_PROJ_13277
NH_PROJ_13278
NH_PROJ_13279
NH_PROJ_13280
NH_PROJ_13281
NH_PROJ_13282
NH_PROJ_13283
NH_PROJ_13284
NH_PROJ_13285
NH_PROJ_13286
NH_PROJ_13287
NH_PROJ_13288
NH_PROJ_13289
NH_PROJ_13290
NH_PROJ_13291
NH_PROJ_13292
NH_PROJ_13293
NH_PROJ_13294
NH_PROJ_13295
NH_PROJ_13296
NH_PROJ_13297
NH_PROJ_13298
NH_PROJ_13299
NH_PROJ_13300
NH_PROJ_13301
NH_PROJ_13302
NH_PROJ_13303
NH_PROJ_13304
NH_PROJ_13305
NH_PROJ_13306
NH_PROJ_13307
NH_PROJ_13308
NH_PROJ_13309
NH_PROJ_13310
NH_PROJ_13311
NH_PROJ_13312
NH_PROJ_13313
NH_PROJ_13314
NH_PROJ_13315
NH_PROJ_13316
NH_PROJ_13317
NH_PROJ_13318
NH_PROJ_13319
NH_PROJ_13320
NH_PROJ_13321
NH_PROJ_13322
NH_PROJ_13323
NH_PROJ_13324
NH_PROJ_13325
NH_PROJ_13326
NH_PROJ_13327
NH_PROJ_13328
NH_PROJ_13329
NH_PROJ_13330
NH_PROJ_13331
NH_PROJ_13332
NH_PROJ_13333
NH_PROJ_13334
NH_PROJ_13335
NH_PROJ_13336
NH_PROJ_13337
NH_PROJ_13338
NH_PROJ_13339
NH_PROJ_13340
NH_PROJ_13341
NH_PROJ_13343
NH_PROJ_13344
NH_PROJ_13345
NH_PROJ_13346
NH_PROJ_13347
NH_PROJ_13348
NH_PROJ_13349
NH_PROJ_13350
NH_PROJ_13351
NH_PROJ_13352
NH_PROJ_13353
NH_PROJ_13354
NH_PROJ_13355
NH_PROJ_13356
NH_PROJ_13357
NH_PROJ_13358
NH_PROJ_13359
NH_PROJ_13360
NH_PROJ_13361
NH_PROJ_13362
NH_PROJ_13363
NH_PROJ_13364
NH_PROJ_13365
NH_PROJ_13366
NH_PROJ_13367
NH_PROJ_13368
NH_PROJ_13369
NH_PROJ_13370
NH_PROJ_13371
NH_PROJ_13372
NH_PROJ_13376
NH_PROJ_13377
NH_PROJ_13378
NH_PROJ_13379
NH_PROJ_13380
NH_PROJ_13381
NH_PROJ_13382
NH_PROJ_13383
NH_PROJ_13384
NH_PROJ_13385
NH_PROJ_13386
NH_PROJ_13387
NH_PROJ_13388
NH_PROJ_13389
NH_PROJ_13390
NH_PROJ_13391
NH_PROJ_13392
NH_PROJ_13393
NH_PROJ_13394
NH_PROJ_13395
NH_PROJ_13396
NH_PROJ_13399
NH_PROJ_13400
NH_PROJ_13401
NH_PROJ_13403
NH_PROJ_13404
NH_PROJ_13405
NH_PROJ_13406
NH_PROJ_13407
NH_PROJ_13408
NH_PROJ_13409
NH_PROJ_13410
NH_PROJ_13411
NH_PROJ_13412
NH_PROJ_13413
NH_PROJ_13415
NH_PROJ_13416
NH_PROJ_13417
NH_PROJ_13419
NH_PROJ_13420
NH_PROJ_13423
NH_PROJ_13424
NH_PROJ_13425
NH_PROJ_13426
NH_PROJ_13427
NH_PROJ_13428
NH_PROJ_13429
NH_PROJ_13430
NH_PROJ_13431
NH_PROJ_13432
NH_PROJ_13433
NH_PROJ_13434
NH_PROJ_13435
NH_PROJ_13438
NH_PROJ_13440
NH_PROJ_13441
NH_PROJ_13442
NH_PROJ_13443
NH_PROJ_13444
NH_PROJ_13445
NH_PROJ_13447
NH_PROJ_13448
NH_PROJ_13449
NH_PROJ_13450
NH_PROJ_13451
NH_PROJ_13452
NH_PROJ_13453
NH_PROJ_13454
NH_PROJ_13455
NH_PROJ_13456
NH_PROJ_13457
NH_PROJ_13459
NH_PROJ_13460
NH_PROJ_13462
NH_PROJ_13463
NH_PROJ_13464
NH_PROJ_13465
NH_PROJ_13467
NH_PROJ_13468
NH_PROJ_13469
NH_PROJ_13470
NH_PROJ_13471
NH_PROJ_13472
NH_PROJ_13473
NH_PROJ_13474
NH_PROJ_13475
NH_PROJ_13476
NH_PROJ_13477
NH_PROJ_13478
NH_PROJ_13479
NH_PROJ_13480
NH_PROJ_13482
NH_PROJ_13483
NH_PROJ_13484
NH_PROJ_13485
NH_PROJ_13486
NH_PROJ_13489
NH_PROJ_13490
NH_PROJ_13491
NH_PROJ_13492
NH_PROJ_13493
NH_PROJ_13494
NH_PROJ_13497
NH_PROJ_13498
NH_PROJ_13499
NH_PROJ_13500
NH_PROJ_13501
NH_PROJ_13502
NH_PROJ_13503
NH_PROJ_13504
NH_PROJ_13507
NH_PROJ_13509
NH_PROJ_13511
NH_PROJ_13512
NH_PROJ_13513
NH_PROJ_13514
NH_PROJ_13516
NH_PROJ_13517
NH_PROJ_13518
NH_PROJ_13519
NH_PROJ_13520
NH_PROJ_13521
NH_PROJ_13522
NH_PROJ_13523
NH_PROJ_13524
NH_PROJ_13525
NH_PROJ_13526
NH_PROJ_13527
NH_PROJ_13528
NH_PROJ_13529
NH_PROJ_13530
NH_PROJ_13531
NH_PROJ_13532
NH_PROJ_13533
NH_PROJ_13534
NH_PROJ_13535
NH_PROJ_13536
NH_PROJ_13537
NH_PROJ_13538
NH_PROJ_13539
NH_PROJ_13540
NH_PROJ_13541
NH_PROJ_13542
NH_PROJ_13543
NH_PROJ_13544
NH_PROJ_13545
NH_PROJ_13546
NH_PROJ_13547
NH_PROJ_13548
NH_PROJ_13549
NH_PROJ_13550
NH_PROJ_13551
NH_PROJ_13552
NH_PROJ_13553
NH_PROJ_13554
NH_PROJ_13555
NH_PROJ_13556
NH_PROJ_13558
NH_PROJ_13559
NH_PROJ_13560
NH_PROJ_13562
NH_PROJ_13563
NH_PROJ_13564
NH_PROJ_13565
NH_PROJ_13566
NH_PROJ_13567
NH_PROJ_13568
NH_PROJ_13569
NH_PROJ_13570
NH_PROJ_13571
NH_PROJ_13572
NH_PROJ_13573
NH_PROJ_13574
NH_PROJ_13575
NH_PROJ_13576
NH_PROJ_13577
NH_PROJ_13578
NH_PROJ_13579
NH_PROJ_13580
NH_PROJ_13581
NH_PROJ_13582
NH_PROJ_13583
NH_PROJ_13584
NH_PROJ_13585
NH_PROJ_13586
NH_PROJ_13587
NH_PROJ_13588
NH_PROJ_13589
NH_PROJ_13590
NH_PROJ_13591
NH_PROJ_13592
NH_PROJ_13593
NH_PROJ_13594
NH_PROJ_13595
NH_PROJ_13596
NH_PROJ_13597
NH_PROJ_13598
NH_PROJ_13599
NH_PROJ_13600
NH_PROJ_13601
NH_PROJ_13602
NH_PROJ_13603
NH_PROJ_13605
NH_PROJ_13606
NH_PROJ_13607
NH_PROJ_13608
NH_PROJ_13609
NH_PROJ_13610
NH_PROJ_13611
NH_PROJ_13612
NH_PROJ_13613
NH_PROJ_13614
NH_PROJ_13615
NH_PROJ_13616
NH_PROJ_13617
NH_PROJ_13618
NH_PROJ_13619
NH_PROJ_13620
NH_PROJ_13621
NH_PROJ_13622
NH_PROJ_13623
NH_PROJ_13624
NH_PROJ_13625
NH_PROJ_13626
NH_PROJ_13627
NH_PROJ_13628
NH_PROJ_13629
NH_PROJ_13630
NH_PROJ_13631
NH_PROJ_13632
NH_PROJ_13633
NH_PROJ_13634
NH_PROJ_13635
NH_PROJ_13636
NH_PROJ_13637
NH_PROJ_13638
NH_PROJ_13639
NH_PROJ_13640
NH_PROJ_13641
NH_PROJ_13642
NH_PROJ_13643
NH_PROJ_13644
NH_PROJ_13645
NH_PROJ_13647
NH_PROJ_13648
NH_PROJ_13650
NH_PROJ_13651
NH_PROJ_13652
NH_PROJ_13655
NH_PROJ_13656
NH_PROJ_13657
NH_PROJ_13658
NH_PROJ_13659
NH_PROJ_13660
NH_PROJ_13661
NH_PROJ_13662
NH_PROJ_13663
NH_PROJ_13664
NH_PROJ_13665
NH_PROJ_13666
NH_PROJ_13667
NH_PROJ_13668
NH_PROJ_13669
NH_PROJ_13670
NH_PROJ_13671
NH_PROJ_13672
NH_PROJ_13673
NH_PROJ_13675
NH_PROJ_13676
NH_PROJ_13677
NH_PROJ_13678
NH_PROJ_13680
NH_PROJ_13681
NH_PROJ_13682
NH_PROJ_13683
NH_PROJ_13684
NH_PROJ_13685
NH_PROJ_13686
NH_PROJ_13687
NH_PROJ_13688
NH_PROJ_13689
NH_PROJ_13690
NH_PROJ_13691
NH_PROJ_13692
NH_PROJ_13693
NH_PROJ_13694
NH_PROJ_13695
NH_PROJ_13696
NH_PROJ_13697
NH_PROJ_13698
NH_PROJ_13699
NH_PROJ_13700
NH_PROJ_13701
NH_PROJ_13702
NH_PROJ_13703
NH_PROJ_13704
NH_PROJ_13705
NH_PROJ_13706
NH_PROJ_13707
NH_PROJ_13708
NH_PROJ_13709
NH_PROJ_13710
NH_PROJ_13711
NH_PROJ_13712
NH_PROJ_13713
NH_PROJ_13714
NH_PROJ_13715
NH_PROJ_13716
NH_PROJ_13717
NH_PROJ_13718
NH_PROJ_13719
NH_PROJ_13720
NH_PROJ_13721
NH_PROJ_13722
NH_PROJ_13723
NH_PROJ_13724
NH_PROJ_13725
NH_PROJ_13726
NH_PROJ_13727
NH_PROJ_13728
NH_PROJ_13729
NH_PROJ_13730
NH_PROJ_13731
NH_PROJ_13732
NH_PROJ_13733
NH_PROJ_13734
NH_PROJ_13735
NH_PROJ_13736
NH_PROJ_13737
NH_PROJ_13738
NH_PROJ_13739
NH_PROJ_13740
NH_PROJ_13741
NH_PROJ_13742
NH_PROJ_13743
NH_PROJ_13744
NH_PROJ_13745
NH_PROJ_13746
NH_PROJ_13747
NH_PROJ_13748
NH_PROJ_13749
NH_PROJ_13750
NH_PROJ_13751
NH_PROJ_13752
NH_PROJ_13753
NH_PROJ_13754
NH_PROJ_13755
NH_PROJ_13756
NH_PROJ_13757
NH_PROJ_13758
NH_PROJ_13759
NH_PROJ_13760
NH_PROJ_13761
NH_PROJ_13762
NH_PROJ_13763
NH_PROJ_13764
NH_PROJ_13765
NH_PROJ_13766
NH_PROJ_13767
NH_PROJ_13768
NH_PROJ_13769
NH_PROJ_13770
NH_PROJ_13771
NH_PROJ_13772
NH_PROJ_13773
NH_PROJ_13774
NH_PROJ_13775
NH_PROJ_13776
NH_PROJ_13777
NH_PROJ_13778
NH_PROJ_13779
NH_PROJ_13780
NH_PROJ_13781
NH_PROJ_13782
NH_PROJ_13783
NH_PROJ_13784
NH_PROJ_13785
NH_PROJ_13786
NH_PROJ_13787
NH_PROJ_13788
NH_PROJ_13789
NH_PROJ_13790
NH_PROJ_13791
NH_PROJ_13792
NH_PROJ_13793
NH_PROJ_13794
NH_PROJ_13795
NH_PROJ_13796
NH_PROJ_13797
NH_PROJ_13798
NH_PROJ_13799
NH_PROJ_13800
NH_PROJ_13801
NH_PROJ_13802
NH_PROJ_13803
NH_PROJ_13804
NH_PROJ_13805
NH_PROJ_13806
NH_PROJ_13807
NH_PROJ_13808
NH_PROJ_13809
NH_PROJ_13810
NH_PROJ_13811
NH_PROJ_13812
NH_PROJ_13813
NH_PROJ_13814
NH_PROJ_13815
NH_PROJ_13816
NH_PROJ_13817
NH_PROJ_13818
NH_PROJ_13819
NH_PROJ_13820
NH_PROJ_13821
NH_PROJ_13822
NH_PROJ_13823
NH_PROJ_13824
NH_PROJ_13825
NH_PROJ_13826
NH_PROJ_13827
NH_PROJ_13828
NH_PROJ_13829
NH_PROJ_13830
NH_PROJ_13831
NH_PROJ_13832
NH_PROJ_13833
NH_PROJ_13834
NH_PROJ_13835
NH_PROJ_13836
NH_PROJ_13837
NH_PROJ_13838
NH_PROJ_13839
NH_PROJ_13840
NH_PROJ_13841
NH_PROJ_13842
NH_PROJ_13843
NH_PROJ_13844
NH_PROJ_13845
NH_PROJ_13846
NH_PROJ_13847
NH_PROJ_13848
NH_PROJ_13849
NH_PROJ_13850
NH_PROJ_13851
NH_PROJ_13852
NH_PROJ_13853
NH_PROJ_13854
NH_PROJ_13855
NH_PROJ_13856
NH_PROJ_13857
NH_PROJ_13858
NH_PROJ_13859
NH_PROJ_13860
NH_PROJ_13861
NH_PROJ_13862
NH_PROJ_13863
NH_PROJ_13864
NH_PROJ_13865
NH_PROJ_13866
NH_PROJ_13867
NH_PROJ_13868
NH_PROJ_13869
NH_PROJ_13870
NH_PROJ_13871
NH_PROJ_13872
NH_PROJ_13873
NH_PROJ_13874
NH_PROJ_13875
NH_PROJ_13876
NH_PROJ_13877
NH_PROJ_13878
NH_PROJ_13879
NH_PROJ_13880
NH_PROJ_13881
NH_PROJ_13882
NH_PROJ_13883
NH_PROJ_13884
NH_PROJ_13885
NH_PROJ_13886
NH_PROJ_13887
NH_PROJ_13888
NH_PROJ_13889
NH_PROJ_13890
NH_PROJ_13891
NH_PROJ_13892
NH_PROJ_13893
NH_PROJ_13894
NH_PROJ_13895
NH_PROJ_13896
NH_PROJ_13897
NH_PROJ_13898
NH_PROJ_13899
NH_PROJ_13900
NH_PROJ_13901
NH_PROJ_13902
NH_PROJ_13903
NH_PROJ_13904
NH_PROJ_13905
NH_PROJ_13906
NH_PROJ_13907
NH_PROJ_13908
NH_PROJ_13909
NH_PROJ_13910
NH_PROJ_13911
NH_PROJ_13912
NH_PROJ_13913
NH_PROJ_13914
NH_PROJ_13915
NH_PROJ_13916
NH_PROJ_13917
NH_PROJ_13918
NH_PROJ_13919
NH_PROJ_13920
NH_PROJ_13921
NH_PROJ_13922
NH_PROJ_13923
NH_PROJ_13924
NH_PROJ_13925
NH_PROJ_13926
NH_PROJ_13927
NH_PROJ_13928
NH_PROJ_13929
NH_PROJ_13930
NH_PROJ_13931
NH_PROJ_13932
NH_PROJ_13933
NH_PROJ_13934
NH_PROJ_13935
NH_PROJ_13936
NH_PROJ_13937
NH_PROJ_13938
NH_PROJ_13939
NH_PROJ_13940
NH_PROJ_13941
NH_PROJ_13942
NH_PROJ_13943
NH_PROJ_13944
NH_PROJ_13945
NH_PROJ_13946
NH_PROJ_13947
NH_PROJ_13948
NH_PROJ_13949
NH_PROJ_13950
NH_PROJ_13951
NH_PROJ_13952
NH_PROJ_13953
NH_PROJ_13954
NH_PROJ_13955
NH_PROJ_13956
NH_PROJ_13957
NH_PROJ_13958
NH_PROJ_13959
NH_PROJ_13960
NH_PROJ_13961
NH_PROJ_13962
NH_PROJ_13963
NH_PROJ_13964
NH_PROJ_13965
NH_PROJ_13966
NH_PROJ_13967
NH_PROJ_13968
NH_PROJ_13969
NH_PROJ_13970
NH_PROJ_13971
NH_PROJ_13972
NH_PROJ_13973
NH_PROJ_13974
NH_PROJ_13975
NH_PROJ_13976
NH_PROJ_13977
NH_PROJ_13978
NH_PROJ_13979
NH_PROJ_13980
NH_PROJ_13981
NH_PROJ_13982
NH_PROJ_13983
NH_PROJ_13984
NH_PROJ_13985
NH_PROJ_13986
NH_PROJ_13987
NH_PROJ_13988
NH_PROJ_13989
NH_PROJ_13990
NH_PROJ_13991
NH_PROJ_13992
NH_PROJ_13993
NH_PROJ_13994
NH_PROJ_13995
NH_PROJ_13996
NH_PROJ_13997
NH_PROJ_13998
NH_PROJ_13999
NH_PROJ_14000
NH_PROJ_14001
NH_PROJ_14002
NH_PROJ_14003
NH_PROJ_14004
NH_PROJ_14005
NH_PROJ_14006
NH_PROJ_14007
NH_PROJ_14008
NH_PROJ_14009
NH_PROJ_14010
NH_PROJ_14011
NH_PROJ_14012
NH_PROJ_14013
NH_PROJ_14014
NH_PROJ_14015
NH_PROJ_14016
NH_PROJ_14017
NH_PROJ_14018
NH_PROJ_14019
NH_PROJ_14020
NH_PROJ_14021
NH_PROJ_14022
NH_PROJ_14023
NH_PROJ_14024
NH_PROJ_14025
NH_PROJ_14026
NH_PROJ_14027
NH_PROJ_14028
NH_PROJ_14029
NH_PROJ_14030
NH_PROJ_14031
NH_PROJ_14032
NH_PROJ_14033
NH_PROJ_14034
NH_PROJ_14035
NH_PROJ_14036
NH_PROJ_14037
NH_PROJ_14038
NH_PROJ_14039
NH_PROJ_14040
NH_PROJ_14041
NH_PROJ_14042
NH_PROJ_14043
NH_PROJ_14044
NH_PROJ_14045
NH_PROJ_14046
NH_PROJ_14047
NH_PROJ_14048
NH_PROJ_14049
NH_PROJ_14050
NH_PROJ_14051
NH_PROJ_14052
NH_PROJ_14053
NH_PROJ_14054
NH_PROJ_14055
NH_PROJ_14056
NH_PROJ_14057
NH_PROJ_14058
NH_PROJ_14059
NH_PROJ_14060
NH_PROJ_14061
NH_PROJ_14062
NH_PROJ_14063
NH_PROJ_14064
NH_PROJ_14065
NH_PROJ_14066
NH_PROJ_14067
NH_PROJ_14068
NH_PROJ_14069
NH_PROJ_14070
NH_PROJ_14071
NH_PROJ_14072
NH_PROJ_14073
NH_PROJ_14074
NH_PROJ_14075
NH_PROJ_14076
NH_PROJ_14077
NH_PROJ_14078
NH_PROJ_14079
NH_PROJ_14080
NH_PROJ_14081
NH_PROJ_14082
NH_PROJ_14083
NH_PROJ_14084
NH_PROJ_14085
NH_PROJ_14086
NH_PROJ_14087
NH_PROJ_14088
NH_PROJ_14089
NH_PROJ_14090
NH_PROJ_14091
NH_PROJ_14092
NH_PROJ_14093
NH_PROJ_14094
NH_PROJ_14095
NH_PROJ_14096
NH_PROJ_14097
NH_PROJ_14098
NH_PROJ_14099
NH_PROJ_14100
NH_PROJ_14101
NH_PROJ_14102
NH_PROJ_14103
NH_PROJ_14104
NH_PROJ_14105
NH_PROJ_14106
NH_PROJ_14107
NH_PROJ_14108
NH_PROJ_14109
NH_PROJ_14110
NH_PROJ_14111
NH_PROJ_14112
NH_PROJ_14113
NH_PROJ_14114
NH_PROJ_14115
NH_PROJ_14116
NH_PROJ_14117
NH_PROJ_14118
NH_PROJ_14119
NH_PROJ_14120
NH_PROJ_14121
NH_PROJ_14122
NH_PROJ_14123
NH_PROJ_14124
NH_PROJ_14125
NH_PROJ_14126
NH_PROJ_14127
NH_PROJ_14128
NH_PROJ_14129
NH_PROJ_14130
NH_PROJ_14131
NH_PROJ_14132
NH_PROJ_14133
NH_PROJ_14134
NH_PROJ_14135
NH_PROJ_14136
NH_PROJ_14137
NH_PROJ_14138
NH_PROJ_14139
NH_PROJ_14140
NH_PROJ_14141
NH_PROJ_14142
NH_PROJ_14143
NH_PROJ_14144
NH_PROJ_14145
NH_PROJ_14146
NH_PROJ_14148
NH_PROJ_14149
NH_PROJ_14151
NH_PROJ_14153
NH_PROJ_14154
NH_PROJ_14155
NH_PROJ_14156
NH_PROJ_14158
NH_PROJ_14159
NH_PROJ_14160
NH_PROJ_14161
NH_PROJ_14162
NH_PROJ_14163
NH_PROJ_14164
NH_PROJ_14165
NH_PROJ_14166
NH_PROJ_14167
NH_PROJ_14168
NH_PROJ_14169
NH_PROJ_14170
NH_PROJ_14171
NH_PROJ_14172
NH_PROJ_14173
NH_PROJ_14174
NH_PROJ_14175
NH_PROJ_14176
NH_PROJ_14177
NH_PROJ_14178
NH_PROJ_14179
NH_PROJ_14180
NH_PROJ_14181
NH_PROJ_14182
NH_PROJ_14183
NH_PROJ_14184
NH_PROJ_14185
NH_PROJ_14186
NH_PROJ_14187
NH_PROJ_14188
NH_PROJ_14189
NH_PROJ_14190
NH_PROJ_14191
NH_PROJ_14192
NH_PROJ_14193
NH_PROJ_14194
NH_PROJ_14195
NH_PROJ_14196
NH_PROJ_14197
NH_PROJ_14198
NH_PROJ_14199
NH_PROJ_14200
NH_PROJ_14201
NH_PROJ_14202
NH_PROJ_14203
NH_PROJ_14204
NH_PROJ_14205
NH_PROJ_14206
NH_PROJ_14207
NH_PROJ_14208
NH_PROJ_14209
NH_PROJ_14210
NH_PROJ_14211
NH_PROJ_14212
NH_PROJ_14213
NH_PROJ_14214
NH_PROJ_14215
NH_PROJ_14216
NH_PROJ_14217
NH_PROJ_14218
NH_PROJ_14219
NH_PROJ_14220
NH_PROJ_14221
NH_PROJ_14222
NH_PROJ_14223
NH_PROJ_14224
NH_PROJ_14225
NH_PROJ_14226
NH_PROJ_14227
NH_PROJ_14228
NH_PROJ_14229
NH_PROJ_14230
NH_PROJ_14231
NH_PROJ_14232
NH_PROJ_14233
NH_PROJ_14234
NH_PROJ_14235
NH_PROJ_14236
NH_PROJ_14237
NH_PROJ_14238
NH_PROJ_14239
NH_PROJ_14240
NH_PROJ_14241
NH_PROJ_14242
NH_PROJ_14243
NH_PROJ_14244
NH_PROJ_14245
NH_PROJ_14246
NH_PROJ_14247
NH_PROJ_14248
NH_PROJ_14249
NH_PROJ_14250
NH_PROJ_14251
NH_PROJ_14252
NH_PROJ_14253
NH_PROJ_14254
NH_PROJ_14255
NH_PROJ_14256
NH_PROJ_14257
NH_PROJ_14258
NH_PROJ_14259
NH_PROJ_14260
NH_PROJ_14261
NH_PROJ_14262
NH_PROJ_14263
NH_PROJ_14264
NH_PROJ_14265
NH_PROJ_14266
NH_PROJ_14267
NH_PROJ_14268
NH_PROJ_14269
NH_PROJ_14270
NH_PROJ_14271
NH_PROJ_14272
NH_PROJ_14273
NH_PROJ_14274
NH_PROJ_14275
NH_PROJ_14276
NH_PROJ_14277
NH_PROJ_14278
NH_PROJ_14279
NH_PROJ_14280
NH_PROJ_14281
NH_PROJ_14282
NH_PROJ_14283
NH_PROJ_14284
NH_PROJ_14285
NH_PROJ_14286
NH_PROJ_14287
NH_PROJ_14288
NH_PROJ_14289
NH_PROJ_14290
NH_PROJ_14291
NH_PROJ_14292
NH_PROJ_14293
NH_PROJ_14294
NH_PROJ_14295
NH_PROJ_14296
NH_PROJ_14297
NH_PROJ_14298
NH_PROJ_14299
NH_PROJ_14300
NH_PROJ_14301
NH_PROJ_14302
NH_PROJ_14303
NH_PROJ_14304
NH_PROJ_14305
NH_PROJ_14306
NH_PROJ_14307
NH_PROJ_14308
NH_PROJ_14309
NH_PROJ_14310
NH_PROJ_14311
NH_PROJ_14312
NH_PROJ_14313
NH_PROJ_14314
NH_PROJ_14315
NH_PROJ_14316
NH_PROJ_14317
NH_PROJ_14318
NH_PROJ_14319
NH_PROJ_14320
NH_PROJ_14321
NH_PROJ_14322
NH_PROJ_14323
NH_PROJ_14324
NH_PROJ_14325
NH_PROJ_14326
NH_PROJ_14327
NH_PROJ_14328
NH_PROJ_14329
NH_PROJ_14330
NH_PROJ_14331
NH_PROJ_14332
NH_PROJ_14333
NH_PROJ_14334
NH_PROJ_14335
NH_PROJ_14336
NH_PROJ_14337
NH_PROJ_14338
NH_PROJ_14339
NH_PROJ_14340
NH_PROJ_14341
NH_PROJ_14342
NH_PROJ_14343
NH_PROJ_14344
NH_PROJ_14345
NH_PROJ_14346
NH_PROJ_14347
NH_PROJ_14348
NH_PROJ_14349
NH_PROJ_14350
NH_PROJ_14351
NH_PROJ_14352
NH_PROJ_14353
NH_PROJ_14354
NH_PROJ_14355
NH_PROJ_14356
NH_PROJ_14357
NH_PROJ_14358
NH_PROJ_14359
NH_PROJ_14360
NH_PROJ_14361
NH_PROJ_14362
NH_PROJ_14363
NH_PROJ_14364
NH_PROJ_14365
NH_PROJ_14366
NH_PROJ_14367
NH_PROJ_14368
NH_PROJ_14369
NH_PROJ_14370
NH_PROJ_14371
NH_PROJ_14372
NH_PROJ_14373
NH_PROJ_14374
NH_PROJ_14375
NH_PROJ_14376
NH_PROJ_14377
NH_PROJ_14378
NH_PROJ_14379
NH_PROJ_14380
NH_PROJ_14381
NH_PROJ_14382
NH_PROJ_14383
NH_PROJ_14384
NH_PROJ_14385
NH_PROJ_14386
NH_PROJ_14387
NH_PROJ_14388
NH_PROJ_14389
NH_PROJ_14390
NH_PROJ_14391
NH_PROJ_14392
NH_PROJ_14393
NH_PROJ_14394
NH_PROJ_14395
NH_PROJ_14396
NH_PROJ_14397
NH_PROJ_14398
NH_PROJ_14399
NH_PROJ_14400
NH_PROJ_14401
NH_PROJ_14402
NH_PROJ_14403
NH_PROJ_14404
NH_PROJ_14405
NH_PROJ_14406
NH_PROJ_14407
NH_PROJ_14408
NH_PROJ_14409
NH_PROJ_14410
NH_PROJ_14411
NH_PROJ_14412
NH_PROJ_14413
NH_PROJ_14414
NH_PROJ_14415
NH_PROJ_14416
NH_PROJ_14417
NH_PROJ_14419
NH_PROJ_14420
NH_PROJ_14421
NH_PROJ_14422
NH_PROJ_14423
NH_PROJ_14424
NH_PROJ_14425
NH_PROJ_14426
NH_PROJ_14427
NH_PROJ_14428
NH_PROJ_14429
NH_PROJ_14430
NH_PROJ_14431
NH_PROJ_14432
NH_PROJ_14433
NH_PROJ_14434
NH_PROJ_14436
NH_PROJ_14437
NH_PROJ_14438
NH_PROJ_14439
NH_PROJ_14440
NH_PROJ_14441
NH_PROJ_14442
NH_PROJ_14444
NH_PROJ_14445
NH_PROJ_14446
NH_PROJ_14447
NH_PROJ_14449
NH_PROJ_14450
NH_PROJ_14451
NH_PROJ_14452
NH_PROJ_14453
NH_PROJ_14454
NH_PROJ_14455
NH_PROJ_14456
NH_PROJ_14457
NH_PROJ_14458
NH_PROJ_14459
NH_PROJ_14460
NH_PROJ_14461
NH_PROJ_14462
NH_PROJ_14463
NH_PROJ_14464
NH_PROJ_14465
NH_PROJ_14466
NH_PROJ_14467
NH_PROJ_14468
NH_PROJ_14469
NH_PROJ_14470
NH_PROJ_14471
NH_PROJ_14472
NH_PROJ_14474
NH_PROJ_14475
NH_PROJ_14476
NH_PROJ_14477
NH_PROJ_14478
NH_PROJ_14479
NH_PROJ_14480
NH_PROJ_14481
NH_PROJ_14482
NH_PROJ_14483
NH_PROJ_14484
NH_PROJ_14485
NH_PROJ_14486
NH_PROJ_14487
NH_PROJ_14488
NH_PROJ_14489
NH_PROJ_14490
NH_PROJ_14491
NH_PROJ_14492
NH_PROJ_14493
NH_PROJ_14494
NH_PROJ_14495
NH_PROJ_14496
NH_PROJ_14497
NH_PROJ_14498
NH_PROJ_14499
NH_PROJ_14500
NH_PROJ_14501
NH_PROJ_14502
NH_PROJ_14503
NH_PROJ_14504
NH_PROJ_14505
NH_PROJ_14506
NH_PROJ_14507
NH_PROJ_14508
NH_PROJ_14509
NH_PROJ_14510
NH_PROJ_14511
NH_PROJ_14512
NH_PROJ_14513
NH_PROJ_14514
NH_PROJ_14515
NH_PROJ_14516
NH_PROJ_14517
NH_PROJ_14518
NH_PROJ_14519
NH_PROJ_14520
NH_PROJ_14521
NH_PROJ_14522
NH_PROJ_14523
NH_PROJ_14524
NH_PROJ_14525
NH_PROJ_14526
NH_PROJ_14527
NH_PROJ_14528
NH_PROJ_14529
NH_PROJ_14530
NH_PROJ_14531
NH_PROJ_14532
NH_PROJ_14533
NH_PROJ_14534
NH_PROJ_14535
NH_PROJ_14536
NH_PROJ_14537
NH_PROJ_14538
NH_PROJ_14539
NH_PROJ_14540
NH_PROJ_14541
NH_PROJ_14542
NH_PROJ_14543
NH_PROJ_14544
NH_PROJ_14545
NH_PROJ_14546
NH_PROJ_14547
NH_PROJ_14548
NH_PROJ_14549
NH_PROJ_14550
NH_PROJ_14551
NH_PROJ_14552
NH_PROJ_14553
NH_PROJ_14554
NH_PROJ_14555
NH_PROJ_14556
NH_PROJ_14557
NH_PROJ_14558
NH_PROJ_14559
NH_PROJ_14560
NH_PROJ_14561
NH_PROJ_14562
NH_PROJ_14563
NH_PROJ_14564
NH_PROJ_14565
NH_PROJ_14567
NH_PROJ_14568
NH_PROJ_14569
NH_PROJ_14570
NH_PROJ_14571
NH_PROJ_14572
NH_PROJ_14573
NH_PROJ_14574
NH_PROJ_14575
NH_PROJ_14576
NH_PROJ_14577
NH_PROJ_14578
NH_PROJ_14579
NH_PROJ_14580
NH_PROJ_14581
NH_PROJ_14582
NH_PROJ_14583
NH_PROJ_14584
NH_PROJ_14585
NH_PROJ_14586
NH_PROJ_14587
NH_PROJ_14588
NH_PROJ_14589
NH_PROJ_14590
NH_PROJ_14591
NH_PROJ_14592
NH_PROJ_14593
NH_PROJ_14594
NH_PROJ_14595
NH_PROJ_14596
NH_PROJ_14597
NH_PROJ_14598
NH_PROJ_14599
NH_PROJ_14600
NH_PROJ_14601
NH_PROJ_14602
NH_PROJ_14603
NH_PROJ_14604
NH_PROJ_14605
NH_PROJ_14606
NH_PROJ_14607
NH_PROJ_14608
NH_PROJ_14609
NH_PROJ_14610
NH_PROJ_14611
NH_PROJ_14612
NH_PROJ_14613
NH_PROJ_14614
NH_PROJ_14615
NH_PROJ_14616
NH_PROJ_14617
NH_PROJ_14618
NH_PROJ_14619
NH_PROJ_14620
NH_PROJ_14621
NH_PROJ_14622
NH_PROJ_14623
NH_PROJ_14624
NH_PROJ_14625
NH_PROJ_14626
NH_PROJ_14627
NH_PROJ_14628
NH_PROJ_14629
NH_PROJ_14630
NH_PROJ_14631
NH_PROJ_14632
NH_PROJ_14633
NH_PROJ_14634
NH_PROJ_14635
NH_PROJ_14636
NH_PROJ_14637
NH_PROJ_14638
NH_PROJ_14639
NH_PROJ_14640
NH_PROJ_14641
NH_PROJ_14642
NH_PROJ_14643
NH_PROJ_14644
NH_PROJ_14645
NH_PROJ_14646
NH_PROJ_14647
NH_PROJ_14648
NH_PROJ_14649
NH_PROJ_14650
NH_PROJ_14651
NH_PROJ_14652
NH_PROJ_14653
NH_PROJ_14654
NH_PROJ_14655
NH_PROJ_14656
NH_PROJ_14657
NH_PROJ_14658
NH_PROJ_14659
NH_PROJ_14660
NH_PROJ_14661
NH_PROJ_14662
NH_PROJ_14663
NH_PROJ_14664
NH_PROJ_14665
NH_PROJ_14666
NH_PROJ_14667
NH_PROJ_14668
NH_PROJ_14669
NH_PROJ_14670
NH_PROJ_14671
NH_PROJ_14672
NH_PROJ_14673
NH_PROJ_14674
NH_PROJ_14675
NH_PROJ_14676
NH_PROJ_14677
NH_PROJ_14678
NH_PROJ_14679
NH_PROJ_14680
NH_PROJ_14681
NH_PROJ_14682
NH_PROJ_14683
NH_PROJ_14684
NH_PROJ_14685
NH_PROJ_14686
NH_PROJ_14687
NH_PROJ_14688
NH_PROJ_14689
NH_PROJ_14690
NH_PROJ_14691
NH_PROJ_14692
NH_PROJ_14693
NH_PROJ_14694
NH_PROJ_14695
NH_PROJ_14696
NH_PROJ_14697
NH_PROJ_14698
NH_PROJ_14699
NH_PROJ_14700
NH_PROJ_14701
NH_PROJ_14702
NH_PROJ_14703
NH_PROJ_14704
NH_PROJ_14705
NH_PROJ_14706
NH_PROJ_14707
NH_PROJ_14708
NH_PROJ_14709
NH_PROJ_14710
NH_PROJ_14711
NH_PROJ_14712
NH_PROJ_14713
NH_PROJ_14714
NH_PROJ_14715
NH_PROJ_14716
NH_PROJ_14717
NH_PROJ_14718
NH_PROJ_14719
NH_PROJ_14720
NH_PROJ_14721
NH_PROJ_14722
NH_PROJ_14723
NH_PROJ_14724
NH_PROJ_14725
NH_PROJ_14726
NH_PROJ_14727
NH_PROJ_14728
NH_PROJ_14729
NH_PROJ_14730
NH_PROJ_14731
NH_PROJ_14732
NH_PROJ_14733
NH_PROJ_14734
NH_PROJ_14735
NH_PROJ_14736
NH_PROJ_14737
NH_PROJ_14738
NH_PROJ_14739
NH_PROJ_14740
NH_PROJ_14741
NH_PROJ_14742
NH_PROJ_14743
NH_PROJ_14744
NH_PROJ_14745
NH_PROJ_14746
NH_PROJ_14747
NH_PROJ_14748
NH_PROJ_14749
NH_PROJ_14750
NH_PROJ_14751
NH_PROJ_14752
NH_PROJ_14753
NH_PROJ_14754
NH_PROJ_14755
NH_PROJ_14756
NH_PROJ_14757
NH_PROJ_14758
NH_PROJ_14759
NH_PROJ_14760
NH_PROJ_14761
NH_PROJ_14762
NH_PROJ_14763
NH_PROJ_14764
NH_PROJ_14765
NH_PROJ_14766
NH_PROJ_14767
NH_PROJ_14768
NH_PROJ_14769
NH_PROJ_14770
NH_PROJ_14771
NH_PROJ_14772
NH_PROJ_14773
NH_PROJ_14774
NH_PROJ_14775
NH_PROJ_14776
NH_PROJ_14777
NH_PROJ_14778
NH_PROJ_14780
NH_PROJ_14781
NH_PROJ_14782
NH_PROJ_14783
NH_PROJ_14784
NH_PROJ_14785
NH_PROJ_14786
NH_PROJ_14787
NH_PROJ_14788
NH_PROJ_14789
NH_PROJ_14790
NH_PROJ_14791
NH_PROJ_14792
NH_PROJ_14793
NH_PROJ_14794
NH_PROJ_14795
NH_PROJ_14796
NH_PROJ_14797
NH_PROJ_14798
NH_PROJ_14799
NH_PROJ_14800
NH_PROJ_14801
NH_PROJ_14802
NH_PROJ_14803
NH_PROJ_14804
NH_PROJ_14805
NH_PROJ_14806
NH_PROJ_14807
NH_PROJ_14808
NH_PROJ_14809
NH_PROJ_14810
NH_PROJ_14811
NH_PROJ_14812
NH_PROJ_14814
NH_PROJ_14815
NH_PROJ_14816
NH_PROJ_14817
NH_PROJ_14819
NH_PROJ_14820
NH_PROJ_14821
NH_PROJ_14822
NH_PROJ_14823
NH_PROJ_14825
NH_PROJ_14826
NH_PROJ_14827
NH_PROJ_14828
NH_PROJ_14829
NH_PROJ_14831
NH_PROJ_14832
NH_PROJ_14833
NH_PROJ_14835
NH_PROJ_14836
NH_PROJ_14840
NH_PROJ_14841
NH_PROJ_14842
NH_PROJ_14846
NH_PROJ_14847
NH_PROJ_14848
NH_PROJ_14850
NH_PROJ_14851
NH_PROJ_14852
NH_PROJ_14853
NH_PROJ_14860
NH_PROJ_14862
NH_PROJ_14866
NH_PROJ_1487
NH_PROJ_14873
NH_PROJ_14875
NH_PROJ_14876
NH_PROJ_14878
NH_PROJ_14880
NH_PROJ_14881
NH_PROJ_14883
NH_PROJ_14885
NH_PROJ_14887
NH_PROJ_14888
NH_PROJ_14889
NH_PROJ_14890
NH_PROJ_14891
NH_PROJ_14892
NH_PROJ_14893
NH_PROJ_14894
NH_PROJ_14895
NH_PROJ_14896
NH_PROJ_14897
NH_PROJ_14898
NH_PROJ_14899
NH_PROJ_14900
NH_PROJ_2000
NH_PROJ_8521
NH_PROJ_8522
NH_PROJ_8523
NH_PROJ_8524
NH_PROJ_8525
NH_PROJ_8526
NH_PROJ_8527
NH_PROJ_8528
NH_PROJ_8529
NH_PROJ_853
NH_PROJ_8530
NH_PROJ_8531
NH_PROJ_8532
NH_PROJ_8533
NH_PROJ_8534
NH_PROJ_8535
NH_PROJ_8536
NH_PROJ_8537
NH_PROJ_8538
NH_PROJ_8539
NH_PROJ_854
NH_PROJ_8540
NH_PROJ_8541
NH_PROJ_8542
NH_PROJ_8543
NH_PROJ_8544
NH_PROJ_8545
NH_PROJ_8546
NH_PROJ_8547
NH_PROJ_8548
NH_PROJ_8549
NH_PROJ_855
NH_PROJ_8550
NH_PROJ_8551
NH_PROJ_8552
NH_PROJ_8553
NH_PROJ_8554
NH_PROJ_8555
NH_PROJ_8556
NH_PROJ_8557
NH_PROJ_8558
NH_PROJ_8559
NH_PROJ_8560
NH_PROJ_8561
NH_PROJ_8562
NH_PROJ_8563
NH_PROJ_8564
NH_PROJ_8565
NH_PROJ_8566
NH_PROJ_8567
NH_PROJ_8568
NH_PROJ_8569
NH_PROJ_857
NH_PROJ_8570
NH_PROJ_8571
NH_PROJ_8572
NH_PROJ_8573
NH_PROJ_8574
NH_PROJ_8575
NH_PROJ_8576
NH_PROJ_8577
NH_PROJ_8578
NH_PROJ_8579
NH_PROJ_858
NH_PROJ_8580
NH_PROJ_8581
NH_PROJ_8582
NH_PROJ_8583
NH_PROJ_8584
NH_PROJ_8585
NH_PROJ_8586
NH_PROJ_8587
NH_PROJ_8588
NH_PROJ_8589
NH_PROJ_859
NH_PROJ_8590
NH_PROJ_8591
NH_PROJ_8592
NH_PROJ_8593
NH_PROJ_8594
NH_PROJ_8595
NH_PROJ_8596
NH_PROJ_8597
NH_PROJ_8598
NH_PROJ_8599
NH_PROJ_8600
NH_PROJ_8601
NH_PROJ_8602
NH_PROJ_8603
NH_PROJ_8604
NH_PROJ_8605
NH_PROJ_8606
NH_PROJ_8607
NH_PROJ_8608
NH_PROJ_8609
NH_PROJ_861
NH_PROJ_8610
NH_PROJ_8611
NH_PROJ_8612
NH_PROJ_8613
NH_PROJ_8614
NH_PROJ_8615
NH_PROJ_8616
NH_PROJ_8617
NH_PROJ_8618
NH_PROJ_8619
NH_PROJ_862
NH_PROJ_8620
NH_PROJ_8621
NH_PROJ_8622
NH_PROJ_8623
NH_PROJ_8624
NH_PROJ_8625
NH_PROJ_8626
NH_PROJ_8627
NH_PROJ_8628
NH_PROJ_8629
NH_PROJ_863
NH_PROJ_8630
NH_PROJ_8631
NH_PROJ_8632
NH_PROJ_8633
NH_PROJ_8634
NH_PROJ_8635
NH_PROJ_8636
NH_PROJ_8637
NH_PROJ_8638
NH_PROJ_8639
NH_PROJ_8640
NH_PROJ_8641
NH_PROJ_8642
NH_PROJ_8643
NH_PROJ_8644
NH_PROJ_8645
NH_PROJ_8646
NH_PROJ_8647
NH_PROJ_8648
NH_PROJ_8649
NH_PROJ_865
NH_PROJ_8650
NH_PROJ_8651
NH_PROJ_8652
NH_PROJ_8653
NH_PROJ_8654
NH_PROJ_8655
NH_PROJ_8656
NH_PROJ_8657
NH_PROJ_8658
NH_PROJ_8659
NH_PROJ_866
NH_PROJ_8660
NH_PROJ_8661
NH_PROJ_8662
NH_PROJ_8663
NH_PROJ_8664
NH_PROJ_8665
NH_PROJ_8666
NH_PROJ_8667
NH_PROJ_8668
NH_PROJ_8669
NH_PROJ_8670
NH_PROJ_8671
NH_PROJ_8673
NH_PROJ_8674
NH_PROJ_8676
NH_PROJ_8677
NH_PROJ_8678
NH_PROJ_8679
NH_PROJ_868
NH_PROJ_8680
NH_PROJ_8681
NH_PROJ_8682
NH_PROJ_8683
NH_PROJ_8684
NH_PROJ_8685
NH_PROJ_8686
NH_PROJ_8688
NH_PROJ_8689
NH_PROJ_869
NH_PROJ_8690
NH_PROJ_8692
NH_PROJ_8694
NH_PROJ_8697
NH_PROJ_8698
NH_PROJ_8700
NH_PROJ_8701
NH_PROJ_8702
NH_PROJ_8704
NH_PROJ_8706
NH_PROJ_8707
NH_PROJ_8708
NH_PROJ_8709
NH_PROJ_8712
NH_PROJ_8714
NH_PROJ_8715
NH_PROJ_8716
NH_PROJ_8717
NH_PROJ_8718
NH_PROJ_8719
NH_PROJ_872
NH_PROJ_8720
NH_PROJ_8721
NH_PROJ_8722
NH_PROJ_8723
NH_PROJ_8724
NH_PROJ_8725
NH_PROJ_8727
NH_PROJ_8728
NH_PROJ_8729
NH_PROJ_873
NH_PROJ_8730
NH_PROJ_8731
NH_PROJ_8732
NH_PROJ_8733
NH_PROJ_8734
NH_PROJ_8736
NH_PROJ_8737
NH_PROJ_8738
NH_PROJ_8739
NH_PROJ_8740
NH_PROJ_8741
NH_PROJ_8742
NH_PROJ_8743
NH_PROJ_8744
NH_PROJ_8745
NH_PROJ_8746
NH_PROJ_8753
NH_PROJ_8754
NH_PROJ_8755
NH_PROJ_8756
NH_PROJ_8757
NH_PROJ_8758
NH_PROJ_8759
NH_PROJ_8760
NH_PROJ_8761
NH_PROJ_8762
NH_PROJ_8764
NH_PROJ_8767
NH_PROJ_8769
NH_PROJ_877
NH_PROJ_8770
NH_PROJ_8771
NH_PROJ_8772
NH_PROJ_8773
NH_PROJ_8776
NH_PROJ_8777
NH_PROJ_8779
NH_PROJ_878
NH_PROJ_8781
NH_PROJ_8782
NH_PROJ_8783
NH_PROJ_8784
NH_PROJ_8785
NH_PROJ_8786
NH_PROJ_8787
NH_PROJ_8788
NH_PROJ_879
NH_PROJ_8790
NH_PROJ_8791
NH_PROJ_8792
NH_PROJ_8793
NH_PROJ_8794
NH_PROJ_8795
NH_PROJ_8796
NH_PROJ_8797
NH_PROJ_8798
NH_PROJ_880
NH_PROJ_8801
NH_PROJ_8802
NH_PROJ_8803
NH_PROJ_8804
NH_PROJ_8805
NH_PROJ_8806
NH_PROJ_8807
NH_PROJ_8808
NH_PROJ_8809
NH_PROJ_881
NH_PROJ_8810
NH_PROJ_8811
NH_PROJ_8812
NH_PROJ_8813
NH_PROJ_8814
NH_PROJ_8815
NH_PROJ_8816
NH_PROJ_8817
NH_PROJ_8818
NH_PROJ_8819
NH_PROJ_8820
NH_PROJ_8821
NH_PROJ_8822
NH_PROJ_8823
NH_PROJ_8826
NH_PROJ_8827
NH_PROJ_8828
NH_PROJ_8829
NH_PROJ_8830
NH_PROJ_8831
NH_PROJ_8832
NH_PROJ_8835
NH_PROJ_8836
NH_PROJ_8837
NH_PROJ_8838
NH_PROJ_8840
NH_PROJ_8841
NH_PROJ_8842
NH_PROJ_8843
NH_PROJ_8844
NH_PROJ_8845
NH_PROJ_8846
NH_PROJ_8847
NH_PROJ_8848
NH_PROJ_8849
NH_PROJ_8850
NH_PROJ_8851
NH_PROJ_8852
NH_PROJ_8853
NH_PROJ_8854
NH_PROJ_8855
NH_PROJ_8856
NH_PROJ_8857
NH_PROJ_8858
NH_PROJ_8859
NH_PROJ_8860
NH_PROJ_8861
NH_PROJ_8862
NH_PROJ_8863
NH_PROJ_8864
NH_PROJ_8865
NH_PROJ_8866
NH_PROJ_8868
NH_PROJ_8869
NH_PROJ_8870
NH_PROJ_8871
NH_PROJ_8872
NH_PROJ_8873
NH_PROJ_8874
NH_PROJ_8875
NH_PROJ_8876
NH_PROJ_8877
NH_PROJ_8878
NH_PROJ_8879
NH_PROJ_888
NH_PROJ_8880
NH_PROJ_8881
NH_PROJ_8882
NH_PROJ_8883
NH_PROJ_8884
NH_PROJ_8885
NH_PROJ_8886
NH_PROJ_8887
NH_PROJ_8888
NH_PROJ_8889
NH_PROJ_8890
NH_PROJ_8891
NH_PROJ_8892
NH_PROJ_8893
NH_PROJ_8894
NH_PROJ_8895
NH_PROJ_8896
NH_PROJ_8897
NH_PROJ_8898
NH_PROJ_8899
NH_PROJ_8900
NH_PROJ_8901
NH_PROJ_8902
NH_PROJ_8903
NH_PROJ_8904
NH_PROJ_8905
NH_PROJ_8906
NH_PROJ_8907
NH_PROJ_8908
NH_PROJ_8909
NH_PROJ_8910
NH_PROJ_8911
NH_PROJ_8912
NH_PROJ_8913
NH_PROJ_8914
NH_PROJ_8915
NH_PROJ_8916
NH_PROJ_8917
NH_PROJ_8918
NH_PROJ_8919
NH_PROJ_892
NH_PROJ_8920
NH_PROJ_8921
NH_PROJ_8922
NH_PROJ_8923
NH_PROJ_8924
NH_PROJ_8925
NH_PROJ_8926
NH_PROJ_8927
NH_PROJ_8928
NH_PROJ_8929
NH_PROJ_8930
NH_PROJ_8931
NH_PROJ_8932
NH_PROJ_8933
NH_PROJ_8934
NH_PROJ_8935
NH_PROJ_8936
NH_PROJ_8937
NH_PROJ_8938
NH_PROJ_8939
NH_PROJ_8940
NH_PROJ_8941
NH_PROJ_8942
NH_PROJ_8943
NH_PROJ_8944
NH_PROJ_8945
NH_PROJ_8946
NH_PROJ_8947
NH_PROJ_8948
NH_PROJ_8949
NH_PROJ_8950
NH_PROJ_8951
NH_PROJ_8952
NH_PROJ_8953
NH_PROJ_8954
NH_PROJ_8955
NH_PROJ_8956
NH_PROJ_8957
NH_PROJ_8958
NH_PROJ_8959
NH_PROJ_8960
NH_PROJ_8961
NH_PROJ_8962
NH_PROJ_8963
NH_PROJ_8964
NH_PROJ_8965
NH_PROJ_8966
NH_PROJ_8967
NH_PROJ_8968
NH_PROJ_8969
NH_PROJ_8970
NH_PROJ_8971
NH_PROJ_8972
NH_PROJ_8973
NH_PROJ_8974
NH_PROJ_8975
NH_PROJ_8976
NH_PROJ_8977
NH_PROJ_8978
NH_PROJ_8979
NH_PROJ_8980
NH_PROJ_8981
NH_PROJ_8982
NH_PROJ_8983
NH_PROJ_8984
NH_PROJ_8985
NH_PROJ_8986
NH_PROJ_8987
NH_PROJ_8988
NH_PROJ_8989
NH_PROJ_8990
NH_PROJ_8991
NH_PROJ_8992
NH_PROJ_8993
NH_PROJ_8994
NH_PROJ_8995
NH_PROJ_8996
NH_PROJ_8997
NH_PROJ_8998
NH_PROJ_8999
NH_PROJ_9000
NH_PROJ_9001
NH_PROJ_9002
NH_PROJ_9003
NH_PROJ_9004
NH_PROJ_9005
NH_PROJ_9006
NH_PROJ_9007
NH_PROJ_9008
NH_PROJ_9009
NH_PROJ_9010
NH_PROJ_9011
NH_PROJ_9012
NH_PROJ_9013
NH_PROJ_9014
NH_PROJ_9015
NH_PROJ_9016
NH_PROJ_9017
NH_PROJ_9018
NH_PROJ_9019
NH_PROJ_9020
NH_PROJ_9021
NH_PROJ_9022
NH_PROJ_9023
NH_PROJ_9024
NH_PROJ_9025
NH_PROJ_9026
NH_PROJ_9027
NH_PROJ_9028
NH_PROJ_9029
NH_PROJ_9030
NH_PROJ_9031
NH_PROJ_9032
NH_PROJ_9033
NH_PROJ_9034
NH_PROJ_9035
NH_PROJ_9036
NH_PROJ_9037
NH_PROJ_9038
NH_PROJ_9039
NH_PROJ_9040
NH_PROJ_9041
NH_PROJ_9042
NH_PROJ_9044
NH_PROJ_9045
NH_PROJ_9046
NH_PROJ_9047
NH_PROJ_9048
NH_PROJ_9049
NH_PROJ_9050
NH_PROJ_9051
NH_PROJ_9052
NH_PROJ_9053
NH_PROJ_9054
NH_PROJ_9055
NH_PROJ_9056
NH_PROJ_9057
NH_PROJ_9058
NH_PROJ_9060
NH_PROJ_9061
NH_PROJ_9062
NH_PROJ_9063
NH_PROJ_9064
NH_PROJ_9065
NH_PROJ_9067
NH_PROJ_9070
NH_PROJ_9071
NH_PROJ_9072
NH_PROJ_9073
NH_PROJ_9074
NH_PROJ_9075
NH_PROJ_9076
NH_PROJ_9077
NH_PROJ_9078
NH_PROJ_9079
NH_PROJ_9080
NH_PROJ_9081
NH_PROJ_9082
NH_PROJ_9083
NH_PROJ_9084
NH_PROJ_9085
NH_PROJ_9086
NH_PROJ_9087
NH_PROJ_9088
NH_PROJ_9089
NH_PROJ_9090
NH_PROJ_9091
NH_PROJ_9092
NH_PROJ_9093
NH_PROJ_9094
NH_PROJ_9095
NH_PROJ_9096
NH_PROJ_9097
NH_PROJ_9098
NH_PROJ_9099
NH_PROJ_9683
NH_PROJ_9684
NH_PROJ_9685
NH_PROJ_9686
NH_PROJ_9687
NH_PROJ_9688
NH_PROJ_9689
NH_PROJ_9690
NH_PROJ_9691
NH_PROJ_9692
NH_PROJ_9693
NH_PROJ_9694
NH_PROJ_9695
NH_PROJ_9696
NH_PROJ_9699
NH_PROJ_9700
NH_PROJ_9701
NH_PROJ_9702
NH_PROJ_9703
NH_PROJ_9704
NH_PROJ_9705
NH_PROJ_9706
NH_PROJ_9707
NH_PROJ_9708
NH_PROJ_9709
NH_PROJ_9710
NH_PROJ_9713
NH_PROJ_9715
NH_PROJ_9716
NH_PROJ_9720
NH_PROJ_9726
NH_PROJ_9731
NH_PROJ_9732
NH_PROJ_9733
NH_PROJ_9734
NH_PROJ_9735
NH_PROJ_9736
NH_PROJ_9739
NH_PROJ_9740
NH_PROJ_9741
NH_PROJ_9743
NH_PROJ_9745
NH_PROJ_9746
NH_PROJ_9747
NH_PROJ_9748
NH_PROJ_9749
NH_PROJ_9751
NH_PROJ_9752
NH_PROJ_9753
NH_PROJ_9754
NH_PROJ_9756
NH_PROJ_9758
NH_PROJ_9759
NH_PROJ_9760
NH_PROJ_9761
NH_PROJ_9762
NH_PROJ_9764
NH_PROJ_9767
NH_PROJ_9768
NH_PROJ_9769
NH_PROJ_9772
NH_PROJ_9773
NH_PROJ_9774
NH_PROJ_9776
NH_PROJ_9777
NH_PROJ_9778
NH_PROJ_9779
NH_PROJ_9780
NH_PROJ_9781
NH_PROJ_9782
NH_PROJ_9783
NH_PROJ_9784
NH_PROJ_9786
NH_PROJ_9787
NH_PROJ_9788
NH_PROJ_9789
NH_PROJ_9790
NH_PROJ_9791
NH_PROJ_9792
NH_PROJ_9793
NH_PROJ_9794
NH_PROJ_9795
NH_PROJ_9797
NH_PROJ_9798
NH_PROJ_9799
NH_PROJ_9800
NH_PROJ_9801
NH_PROJ_9802
NH_PROJ_9803
NH_PROJ_9804
NH_PROJ_9805
NH_PROJ_9806
NH_PROJ_9807
NH_PROJ_9808
NH_PROJ_9809
NH_PROJ_9810
NH_PROJ_9815
NH_PROJ_9816
NH_PROJ_9818
NH_PROJ_9819
NH_PROJ_9820
NH_PROJ_9821
NH_PROJ_9822
NH_PROJ_9825
NH_PROJ_9826
NH_PROJ_9827
NH_PROJ_9828
NH_PROJ_9829
NH_PROJ_9830
NH_PROJ_9831
NH_PROJ_9832
NH_PROJ_9833
NH_PROJ_9834
NH_PROJ_9835
NH_PROJ_9836
NH_PROJ_9837
NH_PROJ_9838
NH_PROJ_9839
NH_PROJ_9840
NH_PROJ_9842
NH_PROJ_9843
NH_PROJ_9845
NH_PROJ_9846
NH_PROJ_9848
NH_PROJ_9851
NH_PROJ_9898
NH_PROJ_9972
ProjectId000
ProjectId0001
PROJ_01
TY_PROJ_2000
TY_PROJ_2001
TY_PROJ_2005
TY_PROJ_20232
TY_PROJ_2024
TY_PROJ_2025
ty_proj_2034
TY_PROJ_2106
TY_PROJ_2186
TY_PROJ_2187
TY_PROJ_2188
TY_PROJ_218889
TY_PROJ_21899
TY_PROJ_2198988
TY_PROJ_2198989
TY_PROJ_7723
TY_PROJ_7777
FB_1 is not available ==fail
]]></system-out>
    <system-err><![CDATA[Loading class `com.mysql.jdbc.Driver'. This is deprecated. The new driver class is `com.mysql.cj.jdbc.Driver'. The driver is automatically registered via the SPI and manual loading of the driver class is generally unnecessary.
Feb 15, 2025 1:20:14 PM io.opentelemetry.api.GlobalOpenTelemetry maybeAutoConfigureAndSetGlobal
INFO: AutoConfiguredOpenTelemetrySdk found on classpath but automatic configuration is disabled. To enable, run your JVM with -Dotel.java.global-autoconfigure.enabled=true
]]></system-err>
  </testcase>
  <testcase name="projectCheckTest" classname="practise.basics.p1" time="0.254">
    <system-out><![CDATA[NH201
NH500
NH_056
NH_1071
NH_1876
NH_1932
NH_PROJ132314000
NH_PROJ14614000
NH_PROJ_0001
NH_PROJ_0002
NH_PROJ_0003
NH_PROJ_0004
NH_PROJ_0005
NH_PROJ_0006
NH_PROJ_0007
NH_PROJ_0008
NH_PROJ_0009
NH_PROJ_0010
NH_PROJ_0011
NH_PROJ_01
NH_PROJ_0198765
NH_PROJ_02
NH_PROJ_10010
NH_PROJ_13109
NH_PROJ_13110
NH_PROJ_13111
NH_PROJ_13112
NH_PROJ_13113
NH_PROJ_13114
NH_PROJ_13115
NH_PROJ_13118
NH_PROJ_13119
NH_PROJ_13120
NH_PROJ_13121
NH_PROJ_13122
NH_PROJ_13123
NH_PROJ_13124
NH_PROJ_13125
NH_PROJ_13126
NH_PROJ_13127
NH_PROJ_13128
NH_PROJ_13130
NH_PROJ_13131
NH_PROJ_13132
NH_PROJ_13133
NH_PROJ_13134
NH_PROJ_13135
NH_PROJ_13136
NH_PROJ_13137
NH_PROJ_13138
NH_PROJ_13139
NH_PROJ_13140
NH_PROJ_13141
NH_PROJ_13142
NH_PROJ_13143
NH_PROJ_13144
NH_PROJ_13145
NH_PROJ_13146
NH_PROJ_13147
NH_PROJ_13148
NH_PROJ_13149
NH_PROJ_13150
NH_PROJ_13151
NH_PROJ_13152
NH_PROJ_13153
NH_PROJ_13154
NH_PROJ_13155
NH_PROJ_13156
NH_PROJ_13157
NH_PROJ_13158
NH_PROJ_13159
NH_PROJ_13160
NH_PROJ_13161
NH_PROJ_13162
NH_PROJ_13163
NH_PROJ_13164
NH_PROJ_13165
NH_PROJ_13166
NH_PROJ_13167
NH_PROJ_13168
NH_PROJ_13169
NH_PROJ_13170
NH_PROJ_13171
NH_PROJ_13172
NH_PROJ_13173
NH_PROJ_13174
NH_PROJ_13175
NH_PROJ_13176
NH_PROJ_13177
NH_PROJ_13178
NH_PROJ_13179
NH_PROJ_13180
NH_PROJ_13181
NH_PROJ_13182
NH_PROJ_13183
NH_PROJ_13184
NH_PROJ_13185
NH_PROJ_13186
NH_PROJ_13187
NH_PROJ_13188
NH_PROJ_13189
NH_PROJ_13190
NH_PROJ_13191
NH_PROJ_13192
NH_PROJ_13193
NH_PROJ_13194
NH_PROJ_13195
NH_PROJ_13196
NH_PROJ_13197
NH_PROJ_13198
NH_PROJ_13199
NH_PROJ_13200
NH_PROJ_13201
NH_PROJ_13202
NH_PROJ_13203
NH_PROJ_13204
NH_PROJ_13205
NH_PROJ_13206
NH_PROJ_13207
NH_PROJ_13208
NH_PROJ_13209
NH_PROJ_13210
NH_PROJ_13211
NH_PROJ_13212
NH_PROJ_13213
NH_PROJ_13214
NH_PROJ_13215
NH_PROJ_13216
NH_PROJ_13217
NH_PROJ_13218
NH_PROJ_13219
NH_PROJ_13220
NH_PROJ_13221
NH_PROJ_13222
NH_PROJ_13223
NH_PROJ_13224
NH_PROJ_13225
NH_PROJ_13226
NH_PROJ_13227
NH_PROJ_13228
NH_PROJ_13229
NH_PROJ_13230
NH_PROJ_13231
NH_PROJ_13232
NH_PROJ_13233
NH_PROJ_13234
NH_PROJ_13235
NH_PROJ_13236
NH_PROJ_13237
NH_PROJ_13238
NH_PROJ_13239
NH_PROJ_13240
NH_PROJ_13241
NH_PROJ_13242
NH_PROJ_13243
NH_PROJ_13244
NH_PROJ_13245
NH_PROJ_13246
NH_PROJ_13247
NH_PROJ_13248
NH_PROJ_13249
NH_PROJ_13250
NH_PROJ_13251
NH_PROJ_13252
NH_PROJ_13253
NH_PROJ_13254
NH_PROJ_13255
NH_PROJ_13256
NH_PROJ_13257
NH_PROJ_13258
NH_PROJ_13259
NH_PROJ_13260
NH_PROJ_13261
NH_PROJ_13262
NH_PROJ_13263
NH_PROJ_13264
NH_PROJ_13265
NH_PROJ_13266
NH_PROJ_13267
NH_PROJ_13268
NH_PROJ_13269
NH_PROJ_13270
NH_PROJ_13271
NH_PROJ_13273
NH_PROJ_13274
NH_PROJ_13275
NH_PROJ_13276
NH_PROJ_13277
NH_PROJ_13278
NH_PROJ_13279
NH_PROJ_13280
NH_PROJ_13281
NH_PROJ_13282
NH_PROJ_13283
NH_PROJ_13284
NH_PROJ_13285
NH_PROJ_13286
NH_PROJ_13287
NH_PROJ_13288
NH_PROJ_13289
NH_PROJ_13290
NH_PROJ_13291
NH_PROJ_13292
NH_PROJ_13293
NH_PROJ_13294
NH_PROJ_13295
NH_PROJ_13296
NH_PROJ_13297
NH_PROJ_13298
NH_PROJ_13299
NH_PROJ_13300
NH_PROJ_13301
NH_PROJ_13302
NH_PROJ_13303
NH_PROJ_13304
NH_PROJ_13305
NH_PROJ_13306
NH_PROJ_13307
NH_PROJ_13308
NH_PROJ_13309
NH_PROJ_13310
NH_PROJ_13311
NH_PROJ_13312
NH_PROJ_13313
NH_PROJ_13314
NH_PROJ_13315
NH_PROJ_13316
NH_PROJ_13317
NH_PROJ_13318
NH_PROJ_13319
NH_PROJ_13320
NH_PROJ_13321
NH_PROJ_13322
NH_PROJ_13323
NH_PROJ_13324
NH_PROJ_13325
NH_PROJ_13326
NH_PROJ_13327
NH_PROJ_13328
NH_PROJ_13329
NH_PROJ_13330
NH_PROJ_13331
NH_PROJ_13332
NH_PROJ_13333
NH_PROJ_13334
NH_PROJ_13335
NH_PROJ_13336
NH_PROJ_13337
NH_PROJ_13338
NH_PROJ_13339
NH_PROJ_13340
NH_PROJ_13341
NH_PROJ_13343
NH_PROJ_13344
NH_PROJ_13345
NH_PROJ_13346
NH_PROJ_13347
NH_PROJ_13348
NH_PROJ_13349
NH_PROJ_13350
NH_PROJ_13351
NH_PROJ_13352
NH_PROJ_13353
NH_PROJ_13354
NH_PROJ_13355
NH_PROJ_13356
NH_PROJ_13357
NH_PROJ_13358
NH_PROJ_13359
NH_PROJ_13360
NH_PROJ_13361
NH_PROJ_13362
NH_PROJ_13363
NH_PROJ_13364
NH_PROJ_13365
NH_PROJ_13366
NH_PROJ_13367
NH_PROJ_13368
NH_PROJ_13369
NH_PROJ_13370
NH_PROJ_13371
NH_PROJ_13372
NH_PROJ_13376
NH_PROJ_13377
NH_PROJ_13378
NH_PROJ_13379
NH_PROJ_13380
NH_PROJ_13381
NH_PROJ_13382
NH_PROJ_13383
NH_PROJ_13384
NH_PROJ_13385
NH_PROJ_13386
NH_PROJ_13387
NH_PROJ_13388
NH_PROJ_13389
NH_PROJ_13390
NH_PROJ_13391
NH_PROJ_13392
NH_PROJ_13393
NH_PROJ_13394
NH_PROJ_13395
NH_PROJ_13396
NH_PROJ_13399
NH_PROJ_13400
NH_PROJ_13401
NH_PROJ_13403
NH_PROJ_13404
NH_PROJ_13405
NH_PROJ_13406
NH_PROJ_13407
NH_PROJ_13408
NH_PROJ_13409
NH_PROJ_13410
NH_PROJ_13411
NH_PROJ_13412
NH_PROJ_13413
NH_PROJ_13415
NH_PROJ_13416
NH_PROJ_13417
NH_PROJ_13419
NH_PROJ_13420
NH_PROJ_13423
NH_PROJ_13424
NH_PROJ_13425
NH_PROJ_13426
NH_PROJ_13427
NH_PROJ_13428
NH_PROJ_13429
NH_PROJ_13430
NH_PROJ_13431
NH_PROJ_13432
NH_PROJ_13433
NH_PROJ_13434
NH_PROJ_13435
NH_PROJ_13438
NH_PROJ_13440
NH_PROJ_13441
NH_PROJ_13442
NH_PROJ_13443
NH_PROJ_13444
NH_PROJ_13445
NH_PROJ_13447
NH_PROJ_13448
NH_PROJ_13449
NH_PROJ_13450
NH_PROJ_13451
NH_PROJ_13452
NH_PROJ_13453
NH_PROJ_13454
NH_PROJ_13455
NH_PROJ_13456
NH_PROJ_13457
NH_PROJ_13459
NH_PROJ_13460
NH_PROJ_13462
NH_PROJ_13463
NH_PROJ_13464
NH_PROJ_13465
NH_PROJ_13467
NH_PROJ_13468
NH_PROJ_13469
NH_PROJ_13470
NH_PROJ_13471
NH_PROJ_13472
NH_PROJ_13473
NH_PROJ_13474
NH_PROJ_13475
NH_PROJ_13476
NH_PROJ_13477
NH_PROJ_13478
NH_PROJ_13479
NH_PROJ_13480
NH_PROJ_13482
NH_PROJ_13483
NH_PROJ_13484
NH_PROJ_13485
NH_PROJ_13486
NH_PROJ_13489
NH_PROJ_13490
NH_PROJ_13491
NH_PROJ_13492
NH_PROJ_13493
NH_PROJ_13494
NH_PROJ_13497
NH_PROJ_13498
NH_PROJ_13499
NH_PROJ_13500
NH_PROJ_13501
NH_PROJ_13502
NH_PROJ_13503
NH_PROJ_13504
NH_PROJ_13507
NH_PROJ_13509
NH_PROJ_13511
NH_PROJ_13512
NH_PROJ_13513
NH_PROJ_13514
NH_PROJ_13516
NH_PROJ_13517
NH_PROJ_13518
NH_PROJ_13519
NH_PROJ_13520
NH_PROJ_13521
NH_PROJ_13522
NH_PROJ_13523
NH_PROJ_13524
NH_PROJ_13525
NH_PROJ_13526
NH_PROJ_13527
NH_PROJ_13528
NH_PROJ_13529
NH_PROJ_13530
NH_PROJ_13531
NH_PROJ_13532
NH_PROJ_13533
NH_PROJ_13534
NH_PROJ_13535
NH_PROJ_13536
NH_PROJ_13537
NH_PROJ_13538
NH_PROJ_13539
NH_PROJ_13540
NH_PROJ_13541
NH_PROJ_13542
NH_PROJ_13543
NH_PROJ_13544
NH_PROJ_13545
NH_PROJ_13546
NH_PROJ_13547
NH_PROJ_13548
NH_PROJ_13549
NH_PROJ_13550
NH_PROJ_13551
NH_PROJ_13552
NH_PROJ_13553
NH_PROJ_13554
NH_PROJ_13555
NH_PROJ_13556
NH_PROJ_13558
NH_PROJ_13559
NH_PROJ_13560
NH_PROJ_13562
NH_PROJ_13563
NH_PROJ_13564
NH_PROJ_13565
NH_PROJ_13566
NH_PROJ_13567
NH_PROJ_13568
NH_PROJ_13569
NH_PROJ_13570
NH_PROJ_13571
NH_PROJ_13572
NH_PROJ_13573
NH_PROJ_13574
NH_PROJ_13575
NH_PROJ_13576
NH_PROJ_13577
NH_PROJ_13578
NH_PROJ_13579
NH_PROJ_13580
NH_PROJ_13581
NH_PROJ_13582
NH_PROJ_13583
NH_PROJ_13584
NH_PROJ_13585
NH_PROJ_13586
NH_PROJ_13587
NH_PROJ_13588
NH_PROJ_13589
NH_PROJ_13590
NH_PROJ_13591
NH_PROJ_13592
NH_PROJ_13593
NH_PROJ_13594
NH_PROJ_13595
NH_PROJ_13596
NH_PROJ_13597
NH_PROJ_13598
NH_PROJ_13599
NH_PROJ_13600
NH_PROJ_13601
NH_PROJ_13602
NH_PROJ_13603
NH_PROJ_13605
NH_PROJ_13606
NH_PROJ_13607
NH_PROJ_13608
NH_PROJ_13609
NH_PROJ_13610
NH_PROJ_13611
NH_PROJ_13612
NH_PROJ_13613
NH_PROJ_13614
NH_PROJ_13615
NH_PROJ_13616
NH_PROJ_13617
NH_PROJ_13618
NH_PROJ_13619
NH_PROJ_13620
NH_PROJ_13621
NH_PROJ_13622
NH_PROJ_13623
NH_PROJ_13624
NH_PROJ_13625
NH_PROJ_13626
NH_PROJ_13627
NH_PROJ_13628
NH_PROJ_13629
NH_PROJ_13630
NH_PROJ_13631
NH_PROJ_13632
NH_PROJ_13633
NH_PROJ_13634
NH_PROJ_13635
NH_PROJ_13636
NH_PROJ_13637
NH_PROJ_13638
NH_PROJ_13639
NH_PROJ_13640
NH_PROJ_13641
NH_PROJ_13642
NH_PROJ_13643
NH_PROJ_13644
NH_PROJ_13645
NH_PROJ_13647
NH_PROJ_13648
NH_PROJ_13650
NH_PROJ_13651
NH_PROJ_13652
NH_PROJ_13655
NH_PROJ_13656
NH_PROJ_13657
NH_PROJ_13658
NH_PROJ_13659
NH_PROJ_13660
NH_PROJ_13661
NH_PROJ_13662
NH_PROJ_13663
NH_PROJ_13664
NH_PROJ_13665
NH_PROJ_13666
NH_PROJ_13667
NH_PROJ_13668
NH_PROJ_13669
NH_PROJ_13670
NH_PROJ_13671
NH_PROJ_13672
NH_PROJ_13673
NH_PROJ_13675
NH_PROJ_13676
NH_PROJ_13677
NH_PROJ_13678
NH_PROJ_13680
NH_PROJ_13681
NH_PROJ_13682
NH_PROJ_13683
NH_PROJ_13684
NH_PROJ_13685
NH_PROJ_13686
NH_PROJ_13687
NH_PROJ_13688
NH_PROJ_13689
NH_PROJ_13690
NH_PROJ_13691
NH_PROJ_13692
NH_PROJ_13693
NH_PROJ_13694
NH_PROJ_13695
NH_PROJ_13696
NH_PROJ_13697
NH_PROJ_13698
NH_PROJ_13699
NH_PROJ_13700
NH_PROJ_13701
NH_PROJ_13702
NH_PROJ_13703
NH_PROJ_13704
NH_PROJ_13705
NH_PROJ_13706
NH_PROJ_13707
NH_PROJ_13708
NH_PROJ_13709
NH_PROJ_13710
NH_PROJ_13711
NH_PROJ_13712
NH_PROJ_13713
NH_PROJ_13714
NH_PROJ_13715
NH_PROJ_13716
NH_PROJ_13717
NH_PROJ_13718
NH_PROJ_13719
NH_PROJ_13720
NH_PROJ_13721
NH_PROJ_13722
NH_PROJ_13723
NH_PROJ_13724
NH_PROJ_13725
NH_PROJ_13726
NH_PROJ_13727
NH_PROJ_13728
NH_PROJ_13729
NH_PROJ_13730
NH_PROJ_13731
NH_PROJ_13732
NH_PROJ_13733
NH_PROJ_13734
NH_PROJ_13735
NH_PROJ_13736
NH_PROJ_13737
NH_PROJ_13738
NH_PROJ_13739
NH_PROJ_13740
NH_PROJ_13741
NH_PROJ_13742
NH_PROJ_13743
NH_PROJ_13744
NH_PROJ_13745
NH_PROJ_13746
NH_PROJ_13747
NH_PROJ_13748
NH_PROJ_13749
NH_PROJ_13750
NH_PROJ_13751
NH_PROJ_13752
NH_PROJ_13753
NH_PROJ_13754
NH_PROJ_13755
NH_PROJ_13756
NH_PROJ_13757
NH_PROJ_13758
NH_PROJ_13759
NH_PROJ_13760
NH_PROJ_13761
NH_PROJ_13762
NH_PROJ_13763
NH_PROJ_13764
NH_PROJ_13765
NH_PROJ_13766
NH_PROJ_13767
NH_PROJ_13768
NH_PROJ_13769
NH_PROJ_13770
NH_PROJ_13771
NH_PROJ_13772
NH_PROJ_13773
NH_PROJ_13774
NH_PROJ_13775
NH_PROJ_13776
NH_PROJ_13777
NH_PROJ_13778
NH_PROJ_13779
NH_PROJ_13780
NH_PROJ_13781
NH_PROJ_13782
NH_PROJ_13783
NH_PROJ_13784
NH_PROJ_13785
NH_PROJ_13786
NH_PROJ_13787
NH_PROJ_13788
NH_PROJ_13789
NH_PROJ_13790
NH_PROJ_13791
NH_PROJ_13792
NH_PROJ_13793
NH_PROJ_13794
NH_PROJ_13795
NH_PROJ_13796
NH_PROJ_13797
NH_PROJ_13798
NH_PROJ_13799
NH_PROJ_13800
NH_PROJ_13801
NH_PROJ_13802
NH_PROJ_13803
NH_PROJ_13804
NH_PROJ_13805
NH_PROJ_13806
NH_PROJ_13807
NH_PROJ_13808
NH_PROJ_13809
NH_PROJ_13810
NH_PROJ_13811
NH_PROJ_13812
NH_PROJ_13813
NH_PROJ_13814
NH_PROJ_13815
NH_PROJ_13816
NH_PROJ_13817
NH_PROJ_13818
NH_PROJ_13819
NH_PROJ_13820
NH_PROJ_13821
NH_PROJ_13822
NH_PROJ_13823
NH_PROJ_13824
NH_PROJ_13825
NH_PROJ_13826
NH_PROJ_13827
NH_PROJ_13828
NH_PROJ_13829
NH_PROJ_13830
NH_PROJ_13831
NH_PROJ_13832
NH_PROJ_13833
NH_PROJ_13834
NH_PROJ_13835
NH_PROJ_13836
NH_PROJ_13837
NH_PROJ_13838
NH_PROJ_13839
NH_PROJ_13840
NH_PROJ_13841
NH_PROJ_13842
NH_PROJ_13843
NH_PROJ_13844
NH_PROJ_13845
NH_PROJ_13846
NH_PROJ_13847
NH_PROJ_13848
NH_PROJ_13849
NH_PROJ_13850
NH_PROJ_13851
NH_PROJ_13852
NH_PROJ_13853
NH_PROJ_13854
NH_PROJ_13855
NH_PROJ_13856
NH_PROJ_13857
NH_PROJ_13858
NH_PROJ_13859
NH_PROJ_13860
NH_PROJ_13861
NH_PROJ_13862
NH_PROJ_13863
NH_PROJ_13864
NH_PROJ_13865
NH_PROJ_13866
NH_PROJ_13867
NH_PROJ_13868
NH_PROJ_13869
NH_PROJ_13870
NH_PROJ_13871
NH_PROJ_13872
NH_PROJ_13873
NH_PROJ_13874
NH_PROJ_13875
NH_PROJ_13876
NH_PROJ_13877
NH_PROJ_13878
NH_PROJ_13879
NH_PROJ_13880
NH_PROJ_13881
NH_PROJ_13882
NH_PROJ_13883
NH_PROJ_13884
NH_PROJ_13885
NH_PROJ_13886
NH_PROJ_13887
NH_PROJ_13888
NH_PROJ_13889
NH_PROJ_13890
NH_PROJ_13891
NH_PROJ_13892
NH_PROJ_13893
NH_PROJ_13894
NH_PROJ_13895
NH_PROJ_13896
NH_PROJ_13897
NH_PROJ_13898
NH_PROJ_13899
NH_PROJ_13900
NH_PROJ_13901
NH_PROJ_13902
NH_PROJ_13903
NH_PROJ_13904
NH_PROJ_13905
NH_PROJ_13906
NH_PROJ_13907
NH_PROJ_13908
NH_PROJ_13909
NH_PROJ_13910
NH_PROJ_13911
NH_PROJ_13912
NH_PROJ_13913
NH_PROJ_13914
NH_PROJ_13915
NH_PROJ_13916
NH_PROJ_13917
NH_PROJ_13918
NH_PROJ_13919
NH_PROJ_13920
NH_PROJ_13921
NH_PROJ_13922
NH_PROJ_13923
NH_PROJ_13924
NH_PROJ_13925
NH_PROJ_13926
NH_PROJ_13927
NH_PROJ_13928
NH_PROJ_13929
NH_PROJ_13930
NH_PROJ_13931
NH_PROJ_13932
NH_PROJ_13933
NH_PROJ_13934
NH_PROJ_13935
NH_PROJ_13936
NH_PROJ_13937
NH_PROJ_13938
NH_PROJ_13939
NH_PROJ_13940
NH_PROJ_13941
NH_PROJ_13942
NH_PROJ_13943
NH_PROJ_13944
NH_PROJ_13945
NH_PROJ_13946
NH_PROJ_13947
NH_PROJ_13948
NH_PROJ_13949
NH_PROJ_13950
NH_PROJ_13951
NH_PROJ_13952
NH_PROJ_13953
NH_PROJ_13954
NH_PROJ_13955
NH_PROJ_13956
NH_PROJ_13957
NH_PROJ_13958
NH_PROJ_13959
NH_PROJ_13960
NH_PROJ_13961
NH_PROJ_13962
NH_PROJ_13963
NH_PROJ_13964
NH_PROJ_13965
NH_PROJ_13966
NH_PROJ_13967
NH_PROJ_13968
NH_PROJ_13969
NH_PROJ_13970
NH_PROJ_13971
NH_PROJ_13972
NH_PROJ_13973
NH_PROJ_13974
NH_PROJ_13975
NH_PROJ_13976
NH_PROJ_13977
NH_PROJ_13978
NH_PROJ_13979
NH_PROJ_13980
NH_PROJ_13981
NH_PROJ_13982
NH_PROJ_13983
NH_PROJ_13984
NH_PROJ_13985
NH_PROJ_13986
NH_PROJ_13987
NH_PROJ_13988
NH_PROJ_13989
NH_PROJ_13990
NH_PROJ_13991
NH_PROJ_13992
NH_PROJ_13993
NH_PROJ_13994
NH_PROJ_13995
NH_PROJ_13996
NH_PROJ_13997
NH_PROJ_13998
NH_PROJ_13999
NH_PROJ_14000
NH_PROJ_14001
NH_PROJ_14002
NH_PROJ_14003
NH_PROJ_14004
NH_PROJ_14005
NH_PROJ_14006
NH_PROJ_14007
NH_PROJ_14008
NH_PROJ_14009
NH_PROJ_14010
NH_PROJ_14011
NH_PROJ_14012
NH_PROJ_14013
NH_PROJ_14014
NH_PROJ_14015
NH_PROJ_14016
NH_PROJ_14017
NH_PROJ_14018
NH_PROJ_14019
NH_PROJ_14020
NH_PROJ_14021
NH_PROJ_14022
NH_PROJ_14023
NH_PROJ_14024
NH_PROJ_14025
NH_PROJ_14026
NH_PROJ_14027
NH_PROJ_14028
NH_PROJ_14029
NH_PROJ_14030
NH_PROJ_14031
NH_PROJ_14032
NH_PROJ_14033
NH_PROJ_14034
NH_PROJ_14035
NH_PROJ_14036
NH_PROJ_14037
NH_PROJ_14038
NH_PROJ_14039
NH_PROJ_14040
NH_PROJ_14041
NH_PROJ_14042
NH_PROJ_14043
NH_PROJ_14044
NH_PROJ_14045
NH_PROJ_14046
NH_PROJ_14047
NH_PROJ_14048
NH_PROJ_14049
NH_PROJ_14050
NH_PROJ_14051
NH_PROJ_14052
NH_PROJ_14053
NH_PROJ_14054
NH_PROJ_14055
NH_PROJ_14056
NH_PROJ_14057
NH_PROJ_14058
NH_PROJ_14059
NH_PROJ_14060
NH_PROJ_14061
NH_PROJ_14062
NH_PROJ_14063
NH_PROJ_14064
NH_PROJ_14065
NH_PROJ_14066
NH_PROJ_14067
NH_PROJ_14068
NH_PROJ_14069
NH_PROJ_14070
NH_PROJ_14071
NH_PROJ_14072
NH_PROJ_14073
NH_PROJ_14074
NH_PROJ_14075
NH_PROJ_14076
NH_PROJ_14077
NH_PROJ_14078
NH_PROJ_14079
NH_PROJ_14080
NH_PROJ_14081
NH_PROJ_14082
NH_PROJ_14083
NH_PROJ_14084
NH_PROJ_14085
NH_PROJ_14086
NH_PROJ_14087
NH_PROJ_14088
NH_PROJ_14089
NH_PROJ_14090
NH_PROJ_14091
NH_PROJ_14092
NH_PROJ_14093
NH_PROJ_14094
NH_PROJ_14095
NH_PROJ_14096
NH_PROJ_14097
NH_PROJ_14098
NH_PROJ_14099
NH_PROJ_14100
NH_PROJ_14101
NH_PROJ_14102
NH_PROJ_14103
NH_PROJ_14104
NH_PROJ_14105
NH_PROJ_14106
NH_PROJ_14107
NH_PROJ_14108
NH_PROJ_14109
NH_PROJ_14110
NH_PROJ_14111
NH_PROJ_14112
NH_PROJ_14113
NH_PROJ_14114
NH_PROJ_14115
NH_PROJ_14116
NH_PROJ_14117
NH_PROJ_14118
NH_PROJ_14119
NH_PROJ_14120
NH_PROJ_14121
NH_PROJ_14122
NH_PROJ_14123
NH_PROJ_14124
NH_PROJ_14125
NH_PROJ_14126
NH_PROJ_14127
NH_PROJ_14128
NH_PROJ_14129
NH_PROJ_14130
NH_PROJ_14131
NH_PROJ_14132
NH_PROJ_14133
NH_PROJ_14134
NH_PROJ_14135
NH_PROJ_14136
NH_PROJ_14137
NH_PROJ_14138
NH_PROJ_14139
NH_PROJ_14140
NH_PROJ_14141
NH_PROJ_14142
NH_PROJ_14143
NH_PROJ_14144
NH_PROJ_14145
NH_PROJ_14146
NH_PROJ_14148
NH_PROJ_14149
NH_PROJ_14151
NH_PROJ_14153
NH_PROJ_14154
NH_PROJ_14155
NH_PROJ_14156
NH_PROJ_14158
NH_PROJ_14159
NH_PROJ_14160
NH_PROJ_14161
NH_PROJ_14162
NH_PROJ_14163
NH_PROJ_14164
NH_PROJ_14165
NH_PROJ_14166
NH_PROJ_14167
NH_PROJ_14168
NH_PROJ_14169
NH_PROJ_14170
NH_PROJ_14171
NH_PROJ_14172
NH_PROJ_14173
NH_PROJ_14174
NH_PROJ_14175
NH_PROJ_14176
NH_PROJ_14177
NH_PROJ_14178
NH_PROJ_14179
NH_PROJ_14180
NH_PROJ_14181
NH_PROJ_14182
NH_PROJ_14183
NH_PROJ_14184
NH_PROJ_14185
NH_PROJ_14186
NH_PROJ_14187
NH_PROJ_14188
NH_PROJ_14189
NH_PROJ_14190
NH_PROJ_14191
NH_PROJ_14192
NH_PROJ_14193
NH_PROJ_14194
NH_PROJ_14195
NH_PROJ_14196
NH_PROJ_14197
NH_PROJ_14198
NH_PROJ_14199
NH_PROJ_14200
NH_PROJ_14201
NH_PROJ_14202
NH_PROJ_14203
NH_PROJ_14204
NH_PROJ_14205
NH_PROJ_14206
NH_PROJ_14207
NH_PROJ_14208
NH_PROJ_14209
NH_PROJ_14210
NH_PROJ_14211
NH_PROJ_14212
NH_PROJ_14213
NH_PROJ_14214
NH_PROJ_14215
NH_PROJ_14216
NH_PROJ_14217
NH_PROJ_14218
NH_PROJ_14219
NH_PROJ_14220
NH_PROJ_14221
NH_PROJ_14222
NH_PROJ_14223
NH_PROJ_14224
NH_PROJ_14225
NH_PROJ_14226
NH_PROJ_14227
NH_PROJ_14228
NH_PROJ_14229
NH_PROJ_14230
NH_PROJ_14231
NH_PROJ_14232
NH_PROJ_14233
NH_PROJ_14234
NH_PROJ_14235
NH_PROJ_14236
NH_PROJ_14237
NH_PROJ_14238
NH_PROJ_14239
NH_PROJ_14240
NH_PROJ_14241
NH_PROJ_14242
NH_PROJ_14243
NH_PROJ_14244
NH_PROJ_14245
NH_PROJ_14246
NH_PROJ_14247
NH_PROJ_14248
NH_PROJ_14249
NH_PROJ_14250
NH_PROJ_14251
NH_PROJ_14252
NH_PROJ_14253
NH_PROJ_14254
NH_PROJ_14255
NH_PROJ_14256
NH_PROJ_14257
NH_PROJ_14258
NH_PROJ_14259
NH_PROJ_14260
NH_PROJ_14261
NH_PROJ_14262
NH_PROJ_14263
NH_PROJ_14264
NH_PROJ_14265
NH_PROJ_14266
NH_PROJ_14267
NH_PROJ_14268
NH_PROJ_14269
NH_PROJ_14270
NH_PROJ_14271
NH_PROJ_14272
NH_PROJ_14273
NH_PROJ_14274
NH_PROJ_14275
NH_PROJ_14276
NH_PROJ_14277
NH_PROJ_14278
NH_PROJ_14279
NH_PROJ_14280
NH_PROJ_14281
NH_PROJ_14282
NH_PROJ_14283
NH_PROJ_14284
NH_PROJ_14285
NH_PROJ_14286
NH_PROJ_14287
NH_PROJ_14288
NH_PROJ_14289
NH_PROJ_14290
NH_PROJ_14291
NH_PROJ_14292
NH_PROJ_14293
NH_PROJ_14294
NH_PROJ_14295
NH_PROJ_14296
NH_PROJ_14297
NH_PROJ_14298
NH_PROJ_14299
NH_PROJ_14300
NH_PROJ_14301
NH_PROJ_14302
NH_PROJ_14303
NH_PROJ_14304
NH_PROJ_14305
NH_PROJ_14306
NH_PROJ_14307
NH_PROJ_14308
NH_PROJ_14309
NH_PROJ_14310
NH_PROJ_14311
NH_PROJ_14312
NH_PROJ_14313
NH_PROJ_14314
NH_PROJ_14315
NH_PROJ_14316
NH_PROJ_14317
NH_PROJ_14318
NH_PROJ_14319
NH_PROJ_14320
NH_PROJ_14321
NH_PROJ_14322
NH_PROJ_14323
NH_PROJ_14324
NH_PROJ_14325
NH_PROJ_14326
NH_PROJ_14327
NH_PROJ_14328
NH_PROJ_14329
NH_PROJ_14330
NH_PROJ_14331
NH_PROJ_14332
NH_PROJ_14333
NH_PROJ_14334
NH_PROJ_14335
NH_PROJ_14336
NH_PROJ_14337
NH_PROJ_14338
NH_PROJ_14339
NH_PROJ_14340
NH_PROJ_14341
NH_PROJ_14342
NH_PROJ_14343
NH_PROJ_14344
NH_PROJ_14345
NH_PROJ_14346
NH_PROJ_14347
NH_PROJ_14348
NH_PROJ_14349
NH_PROJ_14350
NH_PROJ_14351
NH_PROJ_14352
NH_PROJ_14353
NH_PROJ_14354
NH_PROJ_14355
NH_PROJ_14356
NH_PROJ_14357
NH_PROJ_14358
NH_PROJ_14359
NH_PROJ_14360
NH_PROJ_14361
NH_PROJ_14362
NH_PROJ_14363
NH_PROJ_14364
NH_PROJ_14365
NH_PROJ_14366
NH_PROJ_14367
NH_PROJ_14368
NH_PROJ_14369
NH_PROJ_14370
NH_PROJ_14371
NH_PROJ_14372
NH_PROJ_14373
NH_PROJ_14374
NH_PROJ_14375
NH_PROJ_14376
NH_PROJ_14377
NH_PROJ_14378
NH_PROJ_14379
NH_PROJ_14380
NH_PROJ_14381
NH_PROJ_14382
NH_PROJ_14383
NH_PROJ_14384
NH_PROJ_14385
NH_PROJ_14386
NH_PROJ_14387
NH_PROJ_14388
NH_PROJ_14389
NH_PROJ_14390
NH_PROJ_14391
NH_PROJ_14392
NH_PROJ_14393
NH_PROJ_14394
NH_PROJ_14395
NH_PROJ_14396
NH_PROJ_14397
NH_PROJ_14398
NH_PROJ_14399
NH_PROJ_14400
NH_PROJ_14401
NH_PROJ_14402
NH_PROJ_14403
NH_PROJ_14404
NH_PROJ_14405
NH_PROJ_14406
NH_PROJ_14407
NH_PROJ_14408
NH_PROJ_14409
NH_PROJ_14410
NH_PROJ_14411
NH_PROJ_14412
NH_PROJ_14413
NH_PROJ_14414
NH_PROJ_14415
NH_PROJ_14416
NH_PROJ_14417
NH_PROJ_14419
NH_PROJ_14420
NH_PROJ_14421
NH_PROJ_14422
NH_PROJ_14423
NH_PROJ_14424
NH_PROJ_14425
NH_PROJ_14426
NH_PROJ_14427
NH_PROJ_14428
NH_PROJ_14429
NH_PROJ_14430
NH_PROJ_14431
NH_PROJ_14432
NH_PROJ_14433
NH_PROJ_14434
NH_PROJ_14436
NH_PROJ_14437
NH_PROJ_14438
NH_PROJ_14439
NH_PROJ_14440
NH_PROJ_14441
NH_PROJ_14442
NH_PROJ_14444
NH_PROJ_14445
NH_PROJ_14446
NH_PROJ_14447
NH_PROJ_14449
NH_PROJ_14450
NH_PROJ_14451
NH_PROJ_14452
NH_PROJ_14453
NH_PROJ_14454
NH_PROJ_14455
NH_PROJ_14456
NH_PROJ_14457
NH_PROJ_14458
NH_PROJ_14459
NH_PROJ_14460
NH_PROJ_14461
NH_PROJ_14462
NH_PROJ_14463
NH_PROJ_14464
NH_PROJ_14465
NH_PROJ_14466
NH_PROJ_14467
NH_PROJ_14468
NH_PROJ_14469
NH_PROJ_14470
NH_PROJ_14471
NH_PROJ_14472
NH_PROJ_14474
NH_PROJ_14475
NH_PROJ_14476
NH_PROJ_14477
NH_PROJ_14478
NH_PROJ_14479
NH_PROJ_14480
NH_PROJ_14481
NH_PROJ_14482
NH_PROJ_14483
NH_PROJ_14484
NH_PROJ_14485
NH_PROJ_14486
NH_PROJ_14487
NH_PROJ_14488
NH_PROJ_14489
NH_PROJ_14490
NH_PROJ_14491
NH_PROJ_14492
NH_PROJ_14493
NH_PROJ_14494
NH_PROJ_14495
NH_PROJ_14496
NH_PROJ_14497
NH_PROJ_14498
NH_PROJ_14499
NH_PROJ_14500
NH_PROJ_14501
NH_PROJ_14502
NH_PROJ_14503
NH_PROJ_14504
NH_PROJ_14505
NH_PROJ_14506
NH_PROJ_14507
NH_PROJ_14508
NH_PROJ_14509
NH_PROJ_14510
NH_PROJ_14511
NH_PROJ_14512
NH_PROJ_14513
NH_PROJ_14514
NH_PROJ_14515
NH_PROJ_14516
NH_PROJ_14517
NH_PROJ_14518
NH_PROJ_14519
NH_PROJ_14520
NH_PROJ_14521
NH_PROJ_14522
NH_PROJ_14523
NH_PROJ_14524
NH_PROJ_14525
NH_PROJ_14526
NH_PROJ_14527
NH_PROJ_14528
NH_PROJ_14529
NH_PROJ_14530
NH_PROJ_14531
NH_PROJ_14532
NH_PROJ_14533
NH_PROJ_14534
NH_PROJ_14535
NH_PROJ_14536
NH_PROJ_14537
NH_PROJ_14538
NH_PROJ_14539
NH_PROJ_14540
NH_PROJ_14541
NH_PROJ_14542
NH_PROJ_14543
NH_PROJ_14544
NH_PROJ_14545
NH_PROJ_14546
NH_PROJ_14547
NH_PROJ_14548
NH_PROJ_14549
NH_PROJ_14550
NH_PROJ_14551
NH_PROJ_14552
NH_PROJ_14553
NH_PROJ_14554
NH_PROJ_14555
NH_PROJ_14556
NH_PROJ_14557
NH_PROJ_14558
NH_PROJ_14559
NH_PROJ_14560
NH_PROJ_14561
NH_PROJ_14562
NH_PROJ_14563
NH_PROJ_14564
NH_PROJ_14565
NH_PROJ_14567
NH_PROJ_14568
NH_PROJ_14569
NH_PROJ_14570
NH_PROJ_14571
NH_PROJ_14572
NH_PROJ_14573
NH_PROJ_14574
NH_PROJ_14575
NH_PROJ_14576
NH_PROJ_14577
NH_PROJ_14578
NH_PROJ_14579
NH_PROJ_14580
NH_PROJ_14581
NH_PROJ_14582
NH_PROJ_14583
NH_PROJ_14584
NH_PROJ_14585
NH_PROJ_14586
NH_PROJ_14587
NH_PROJ_14588
NH_PROJ_14589
NH_PROJ_14590
NH_PROJ_14591
NH_PROJ_14592
NH_PROJ_14593
NH_PROJ_14594
NH_PROJ_14595
NH_PROJ_14596
NH_PROJ_14597
NH_PROJ_14598
NH_PROJ_14599
NH_PROJ_14600
NH_PROJ_14601
NH_PROJ_14602
NH_PROJ_14603
NH_PROJ_14604
NH_PROJ_14605
NH_PROJ_14606
NH_PROJ_14607
NH_PROJ_14608
NH_PROJ_14609
NH_PROJ_14610
NH_PROJ_14611
NH_PROJ_14612
NH_PROJ_14613
NH_PROJ_14614
NH_PROJ_14615
NH_PROJ_14616
NH_PROJ_14617
NH_PROJ_14618
NH_PROJ_14619
NH_PROJ_14620
NH_PROJ_14621
NH_PROJ_14622
NH_PROJ_14623
NH_PROJ_14624
NH_PROJ_14625
NH_PROJ_14626
NH_PROJ_14627
NH_PROJ_14628
NH_PROJ_14629
NH_PROJ_14630
NH_PROJ_14631
NH_PROJ_14632
NH_PROJ_14633
NH_PROJ_14634
NH_PROJ_14635
NH_PROJ_14636
NH_PROJ_14637
NH_PROJ_14638
NH_PROJ_14639
NH_PROJ_14640
NH_PROJ_14641
NH_PROJ_14642
NH_PROJ_14643
NH_PROJ_14644
NH_PROJ_14645
NH_PROJ_14646
NH_PROJ_14647
NH_PROJ_14648
NH_PROJ_14649
NH_PROJ_14650
NH_PROJ_14651
NH_PROJ_14652
NH_PROJ_14653
NH_PROJ_14654
NH_PROJ_14655
NH_PROJ_14656
NH_PROJ_14657
NH_PROJ_14658
NH_PROJ_14659
NH_PROJ_14660
NH_PROJ_14661
NH_PROJ_14662
NH_PROJ_14663
NH_PROJ_14664
NH_PROJ_14665
NH_PROJ_14666
NH_PROJ_14667
NH_PROJ_14668
NH_PROJ_14669
NH_PROJ_14670
NH_PROJ_14671
NH_PROJ_14672
NH_PROJ_14673
NH_PROJ_14674
NH_PROJ_14675
NH_PROJ_14676
NH_PROJ_14677
NH_PROJ_14678
NH_PROJ_14679
NH_PROJ_14680
NH_PROJ_14681
NH_PROJ_14682
NH_PROJ_14683
NH_PROJ_14684
NH_PROJ_14685
NH_PROJ_14686
NH_PROJ_14687
NH_PROJ_14688
NH_PROJ_14689
NH_PROJ_14690
NH_PROJ_14691
NH_PROJ_14692
NH_PROJ_14693
NH_PROJ_14694
NH_PROJ_14695
NH_PROJ_14696
NH_PROJ_14697
NH_PROJ_14698
NH_PROJ_14699
NH_PROJ_14700
NH_PROJ_14701
NH_PROJ_14702
NH_PROJ_14703
NH_PROJ_14704
NH_PROJ_14705
NH_PROJ_14706
NH_PROJ_14707
NH_PROJ_14708
NH_PROJ_14709
NH_PROJ_14710
NH_PROJ_14711
NH_PROJ_14712
NH_PROJ_14713
NH_PROJ_14714
NH_PROJ_14715
NH_PROJ_14716
NH_PROJ_14717
NH_PROJ_14718
NH_PROJ_14719
NH_PROJ_14720
NH_PROJ_14721
NH_PROJ_14722
NH_PROJ_14723
NH_PROJ_14724
NH_PROJ_14725
NH_PROJ_14726
NH_PROJ_14727
NH_PROJ_14728
NH_PROJ_14729
NH_PROJ_14730
NH_PROJ_14731
NH_PROJ_14732
NH_PROJ_14733
NH_PROJ_14734
NH_PROJ_14735
NH_PROJ_14736
NH_PROJ_14737
NH_PROJ_14738
NH_PROJ_14739
NH_PROJ_14740
NH_PROJ_14741
NH_PROJ_14742
NH_PROJ_14743
NH_PROJ_14744
NH_PROJ_14745
NH_PROJ_14746
NH_PROJ_14747
NH_PROJ_14748
NH_PROJ_14749
NH_PROJ_14750
NH_PROJ_14751
NH_PROJ_14752
NH_PROJ_14753
NH_PROJ_14754
NH_PROJ_14755
NH_PROJ_14756
NH_PROJ_14757
NH_PROJ_14758
NH_PROJ_14759
NH_PROJ_14760
NH_PROJ_14761
NH_PROJ_14762
NH_PROJ_14763
NH_PROJ_14764
NH_PROJ_14765
NH_PROJ_14766
NH_PROJ_14767
NH_PROJ_14768
NH_PROJ_14769
NH_PROJ_14770
NH_PROJ_14771
NH_PROJ_14772
NH_PROJ_14773
NH_PROJ_14774
NH_PROJ_14775
NH_PROJ_14776
NH_PROJ_14777
NH_PROJ_14778
NH_PROJ_14780
NH_PROJ_14781
NH_PROJ_14782
NH_PROJ_14783
NH_PROJ_14784
NH_PROJ_14785
NH_PROJ_14786
NH_PROJ_14787
NH_PROJ_14788
NH_PROJ_14789
NH_PROJ_14790
NH_PROJ_14791
NH_PROJ_14792
NH_PROJ_14793
NH_PROJ_14794
NH_PROJ_14795
NH_PROJ_14796
NH_PROJ_14797
NH_PROJ_14798
NH_PROJ_14799
NH_PROJ_14800
NH_PROJ_14801
NH_PROJ_14802
NH_PROJ_14803
NH_PROJ_14804
NH_PROJ_14805
NH_PROJ_14806
NH_PROJ_14807
NH_PROJ_14808
NH_PROJ_14809
NH_PROJ_14810
NH_PROJ_14811
NH_PROJ_14812
NH_PROJ_14814
NH_PROJ_14815
NH_PROJ_14816
NH_PROJ_14817
NH_PROJ_14819
NH_PROJ_14820
NH_PROJ_14821
NH_PROJ_14822
NH_PROJ_14823
NH_PROJ_14825
NH_PROJ_14826
NH_PROJ_14827
NH_PROJ_14828
NH_PROJ_14829
NH_PROJ_14831
NH_PROJ_14832
NH_PROJ_14833
NH_PROJ_14835
NH_PROJ_14836
NH_PROJ_14840
NH_PROJ_14841
NH_PROJ_14842
NH_PROJ_14846
NH_PROJ_14847
NH_PROJ_14848
NH_PROJ_14850
NH_PROJ_14851
NH_PROJ_14852
NH_PROJ_14853
NH_PROJ_14860
NH_PROJ_14862
NH_PROJ_14866
NH_PROJ_1487
NH_PROJ_14873
NH_PROJ_14875
NH_PROJ_14876
NH_PROJ_14878
NH_PROJ_14880
NH_PROJ_14881
NH_PROJ_14883
NH_PROJ_14885
NH_PROJ_14887
NH_PROJ_14888
NH_PROJ_14889
NH_PROJ_14890
NH_PROJ_14891
NH_PROJ_14892
NH_PROJ_14893
NH_PROJ_14894
NH_PROJ_14895
NH_PROJ_14896
NH_PROJ_14897
NH_PROJ_14898
NH_PROJ_14899
NH_PROJ_14900
NH_PROJ_2000
NH_PROJ_8521
NH_PROJ_8522
NH_PROJ_8523
NH_PROJ_8524
NH_PROJ_8525
NH_PROJ_8526
NH_PROJ_8527
NH_PROJ_8528
NH_PROJ_8529
NH_PROJ_853
NH_PROJ_8530
NH_PROJ_8531
NH_PROJ_8532
NH_PROJ_8533
NH_PROJ_8534
NH_PROJ_8535
NH_PROJ_8536
NH_PROJ_8537
NH_PROJ_8538
NH_PROJ_8539
NH_PROJ_854
NH_PROJ_8540
NH_PROJ_8541
NH_PROJ_8542
NH_PROJ_8543
NH_PROJ_8544
NH_PROJ_8545
NH_PROJ_8546
NH_PROJ_8547
NH_PROJ_8548
NH_PROJ_8549
NH_PROJ_855
NH_PROJ_8550
NH_PROJ_8551
NH_PROJ_8552
NH_PROJ_8553
NH_PROJ_8554
NH_PROJ_8555
NH_PROJ_8556
NH_PROJ_8557
NH_PROJ_8558
NH_PROJ_8559
NH_PROJ_8560
NH_PROJ_8561
NH_PROJ_8562
NH_PROJ_8563
NH_PROJ_8564
NH_PROJ_8565
NH_PROJ_8566
NH_PROJ_8567
NH_PROJ_8568
NH_PROJ_8569
NH_PROJ_857
NH_PROJ_8570
NH_PROJ_8571
NH_PROJ_8572
NH_PROJ_8573
NH_PROJ_8574
NH_PROJ_8575
NH_PROJ_8576
NH_PROJ_8577
NH_PROJ_8578
NH_PROJ_8579
NH_PROJ_858
NH_PROJ_8580
NH_PROJ_8581
NH_PROJ_8582
NH_PROJ_8583
NH_PROJ_8584
NH_PROJ_8585
NH_PROJ_8586
NH_PROJ_8587
NH_PROJ_8588
NH_PROJ_8589
NH_PROJ_859
NH_PROJ_8590
NH_PROJ_8591
NH_PROJ_8592
NH_PROJ_8593
NH_PROJ_8594
NH_PROJ_8595
NH_PROJ_8596
NH_PROJ_8597
NH_PROJ_8598
NH_PROJ_8599
NH_PROJ_8600
NH_PROJ_8601
NH_PROJ_8602
NH_PROJ_8603
NH_PROJ_8604
NH_PROJ_8605
NH_PROJ_8606
NH_PROJ_8607
NH_PROJ_8608
NH_PROJ_8609
NH_PROJ_861
NH_PROJ_8610
NH_PROJ_8611
NH_PROJ_8612
NH_PROJ_8613
NH_PROJ_8614
NH_PROJ_8615
NH_PROJ_8616
NH_PROJ_8617
NH_PROJ_8618
NH_PROJ_8619
NH_PROJ_862
NH_PROJ_8620
NH_PROJ_8621
NH_PROJ_8622
NH_PROJ_8623
NH_PROJ_8624
NH_PROJ_8625
NH_PROJ_8626
NH_PROJ_8627
NH_PROJ_8628
NH_PROJ_8629
NH_PROJ_863
NH_PROJ_8630
NH_PROJ_8631
NH_PROJ_8632
NH_PROJ_8633
NH_PROJ_8634
NH_PROJ_8635
NH_PROJ_8636
NH_PROJ_8637
NH_PROJ_8638
NH_PROJ_8639
NH_PROJ_8640
NH_PROJ_8641
NH_PROJ_8642
NH_PROJ_8643
NH_PROJ_8644
NH_PROJ_8645
NH_PROJ_8646
NH_PROJ_8647
NH_PROJ_8648
NH_PROJ_8649
NH_PROJ_865
NH_PROJ_8650
NH_PROJ_8651
NH_PROJ_8652
NH_PROJ_8653
NH_PROJ_8654
NH_PROJ_8655
NH_PROJ_8656
NH_PROJ_8657
NH_PROJ_8658
NH_PROJ_8659
NH_PROJ_866
NH_PROJ_8660
NH_PROJ_8661
NH_PROJ_8662
NH_PROJ_8663
NH_PROJ_8664
NH_PROJ_8665
NH_PROJ_8666
NH_PROJ_8667
NH_PROJ_8668
NH_PROJ_8669
NH_PROJ_8670
NH_PROJ_8671
NH_PROJ_8673
NH_PROJ_8674
NH_PROJ_8676
NH_PROJ_8677
NH_PROJ_8678
NH_PROJ_8679
NH_PROJ_868
NH_PROJ_8680
NH_PROJ_8681
NH_PROJ_8682
NH_PROJ_8683
NH_PROJ_8684
NH_PROJ_8685
NH_PROJ_8686
NH_PROJ_8688
NH_PROJ_8689
NH_PROJ_869
NH_PROJ_8690
NH_PROJ_8692
NH_PROJ_8694
NH_PROJ_8697
NH_PROJ_8698
NH_PROJ_8700
NH_PROJ_8701
NH_PROJ_8702
NH_PROJ_8704
NH_PROJ_8706
NH_PROJ_8707
NH_PROJ_8708
NH_PROJ_8709
NH_PROJ_8712
NH_PROJ_8714
NH_PROJ_8715
NH_PROJ_8716
NH_PROJ_8717
NH_PROJ_8718
NH_PROJ_8719
NH_PROJ_872
NH_PROJ_8720
NH_PROJ_8721
NH_PROJ_8722
NH_PROJ_8723
NH_PROJ_8724
NH_PROJ_8725
NH_PROJ_8727
NH_PROJ_8728
NH_PROJ_8729
NH_PROJ_873
NH_PROJ_8730
NH_PROJ_8731
NH_PROJ_8732
NH_PROJ_8733
NH_PROJ_8734
NH_PROJ_8736
NH_PROJ_8737
NH_PROJ_8738
NH_PROJ_8739
NH_PROJ_8740
NH_PROJ_8741
NH_PROJ_8742
NH_PROJ_8743
NH_PROJ_8744
NH_PROJ_8745
NH_PROJ_8746
NH_PROJ_8753
NH_PROJ_8754
NH_PROJ_8755
NH_PROJ_8756
NH_PROJ_8757
NH_PROJ_8758
NH_PROJ_8759
NH_PROJ_8760
NH_PROJ_8761
NH_PROJ_8762
NH_PROJ_8764
NH_PROJ_8767
NH_PROJ_8769
NH_PROJ_877
NH_PROJ_8770
NH_PROJ_8771
NH_PROJ_8772
NH_PROJ_8773
NH_PROJ_8776
NH_PROJ_8777
NH_PROJ_8779
NH_PROJ_878
NH_PROJ_8781
NH_PROJ_8782
NH_PROJ_8783
NH_PROJ_8784
NH_PROJ_8785
NH_PROJ_8786
NH_PROJ_8787
NH_PROJ_8788
NH_PROJ_879
NH_PROJ_8790
NH_PROJ_8791
NH_PROJ_8792
NH_PROJ_8793
NH_PROJ_8794
NH_PROJ_8795
NH_PROJ_8796
NH_PROJ_8797
NH_PROJ_8798
NH_PROJ_880
NH_PROJ_8801
NH_PROJ_8802
NH_PROJ_8803
NH_PROJ_8804
NH_PROJ_8805
NH_PROJ_8806
NH_PROJ_8807
NH_PROJ_8808
NH_PROJ_8809
NH_PROJ_881
NH_PROJ_8810
NH_PROJ_8811
NH_PROJ_8812
NH_PROJ_8813
NH_PROJ_8814
NH_PROJ_8815
NH_PROJ_8816
NH_PROJ_8817
NH_PROJ_8818
NH_PROJ_8819
NH_PROJ_8820
NH_PROJ_8821
NH_PROJ_8822
NH_PROJ_8823
NH_PROJ_8826
NH_PROJ_8827
NH_PROJ_8828
NH_PROJ_8829
NH_PROJ_8830
NH_PROJ_8831
NH_PROJ_8832
NH_PROJ_8835
NH_PROJ_8836
NH_PROJ_8837
NH_PROJ_8838
NH_PROJ_8840
NH_PROJ_8841
NH_PROJ_8842
NH_PROJ_8843
NH_PROJ_8844
NH_PROJ_8845
NH_PROJ_8846
NH_PROJ_8847
NH_PROJ_8848
NH_PROJ_8849
NH_PROJ_8850
NH_PROJ_8851
NH_PROJ_8852
NH_PROJ_8853
NH_PROJ_8854
NH_PROJ_8855
NH_PROJ_8856
NH_PROJ_8857
NH_PROJ_8858
NH_PROJ_8859
NH_PROJ_8860
NH_PROJ_8861
NH_PROJ_8862
NH_PROJ_8863
NH_PROJ_8864
NH_PROJ_8865
NH_PROJ_8866
NH_PROJ_8868
NH_PROJ_8869
NH_PROJ_8870
NH_PROJ_8871
NH_PROJ_8872
NH_PROJ_8873
NH_PROJ_8874
NH_PROJ_8875
NH_PROJ_8876
NH_PROJ_8877
NH_PROJ_8878
NH_PROJ_8879
NH_PROJ_888
NH_PROJ_8880
NH_PROJ_8881
NH_PROJ_8882
NH_PROJ_8883
NH_PROJ_8884
NH_PROJ_8885
NH_PROJ_8886
NH_PROJ_8887
NH_PROJ_8888
NH_PROJ_8889
NH_PROJ_8890
NH_PROJ_8891
NH_PROJ_8892
NH_PROJ_8893
NH_PROJ_8894
NH_PROJ_8895
NH_PROJ_8896
NH_PROJ_8897
NH_PROJ_8898
NH_PROJ_8899
NH_PROJ_8900
NH_PROJ_8901
NH_PROJ_8902
NH_PROJ_8903
NH_PROJ_8904
NH_PROJ_8905
NH_PROJ_8906
NH_PROJ_8907
NH_PROJ_8908
NH_PROJ_8909
NH_PROJ_8910
NH_PROJ_8911
NH_PROJ_8912
NH_PROJ_8913
NH_PROJ_8914
NH_PROJ_8915
NH_PROJ_8916
NH_PROJ_8917
NH_PROJ_8918
NH_PROJ_8919
NH_PROJ_892
NH_PROJ_8920
NH_PROJ_8921
NH_PROJ_8922
NH_PROJ_8923
NH_PROJ_8924
NH_PROJ_8925
NH_PROJ_8926
NH_PROJ_8927
NH_PROJ_8928
NH_PROJ_8929
NH_PROJ_8930
NH_PROJ_8931
NH_PROJ_8932
NH_PROJ_8933
NH_PROJ_8934
NH_PROJ_8935
NH_PROJ_8936
NH_PROJ_8937
NH_PROJ_8938
NH_PROJ_8939
NH_PROJ_8940
NH_PROJ_8941
NH_PROJ_8942
NH_PROJ_8943
NH_PROJ_8944
NH_PROJ_8945
NH_PROJ_8946
NH_PROJ_8947
NH_PROJ_8948
NH_PROJ_8949
NH_PROJ_8950
NH_PROJ_8951
NH_PROJ_8952
NH_PROJ_8953
NH_PROJ_8954
NH_PROJ_8955
NH_PROJ_8956
NH_PROJ_8957
NH_PROJ_8958
NH_PROJ_8959
NH_PROJ_8960
NH_PROJ_8961
NH_PROJ_8962
NH_PROJ_8963
NH_PROJ_8964
NH_PROJ_8965
NH_PROJ_8966
NH_PROJ_8967
NH_PROJ_8968
NH_PROJ_8969
NH_PROJ_8970
NH_PROJ_8971
NH_PROJ_8972
NH_PROJ_8973
NH_PROJ_8974
NH_PROJ_8975
NH_PROJ_8976
NH_PROJ_8977
NH_PROJ_8978
NH_PROJ_8979
NH_PROJ_8980
NH_PROJ_8981
NH_PROJ_8982
NH_PROJ_8983
NH_PROJ_8984
NH_PROJ_8985
NH_PROJ_8986
NH_PROJ_8987
NH_PROJ_8988
NH_PROJ_8989
NH_PROJ_8990
NH_PROJ_8991
NH_PROJ_8992
NH_PROJ_8993
NH_PROJ_8994
NH_PROJ_8995
NH_PROJ_8996
NH_PROJ_8997
NH_PROJ_8998
NH_PROJ_8999
NH_PROJ_9000
NH_PROJ_9001
NH_PROJ_9002
NH_PROJ_9003
NH_PROJ_9004
NH_PROJ_9005
NH_PROJ_9006
NH_PROJ_9007
NH_PROJ_9008
NH_PROJ_9009
NH_PROJ_9010
NH_PROJ_9011
NH_PROJ_9012
NH_PROJ_9013
NH_PROJ_9014
NH_PROJ_9015
NH_PROJ_9016
NH_PROJ_9017
NH_PROJ_9018
NH_PROJ_9019
NH_PROJ_9020
NH_PROJ_9021
NH_PROJ_9022
NH_PROJ_9023
NH_PROJ_9024
NH_PROJ_9025
NH_PROJ_9026
NH_PROJ_9027
NH_PROJ_9028
NH_PROJ_9029
NH_PROJ_9030
NH_PROJ_9031
NH_PROJ_9032
NH_PROJ_9033
NH_PROJ_9034
NH_PROJ_9035
NH_PROJ_9036
NH_PROJ_9037
NH_PROJ_9038
NH_PROJ_9039
NH_PROJ_9040
NH_PROJ_9041
NH_PROJ_9042
NH_PROJ_9044
NH_PROJ_9045
NH_PROJ_9046
NH_PROJ_9047
NH_PROJ_9048
NH_PROJ_9049
NH_PROJ_9050
NH_PROJ_9051
NH_PROJ_9052
NH_PROJ_9053
NH_PROJ_9054
NH_PROJ_9055
NH_PROJ_9056
NH_PROJ_9057
NH_PROJ_9058
NH_PROJ_9060
NH_PROJ_9061
NH_PROJ_9062
NH_PROJ_9063
NH_PROJ_9064
NH_PROJ_9065
NH_PROJ_9067
NH_PROJ_9070
NH_PROJ_9071
NH_PROJ_9072
NH_PROJ_9073
NH_PROJ_9074
NH_PROJ_9075
NH_PROJ_9076
NH_PROJ_9077
NH_PROJ_9078
NH_PROJ_9079
NH_PROJ_9080
NH_PROJ_9081
NH_PROJ_9082
NH_PROJ_9083
NH_PROJ_9084
NH_PROJ_9085
NH_PROJ_9086
NH_PROJ_9087
NH_PROJ_9088
NH_PROJ_9089
NH_PROJ_9090
NH_PROJ_9091
NH_PROJ_9092
NH_PROJ_9093
NH_PROJ_9094
NH_PROJ_9095
NH_PROJ_9096
NH_PROJ_9097
NH_PROJ_9098
NH_PROJ_9099
NH_PROJ_9683
NH_PROJ_9684
NH_PROJ_9685
NH_PROJ_9686
NH_PROJ_9687
NH_PROJ_9688
NH_PROJ_9689
NH_PROJ_9690
NH_PROJ_9691
NH_PROJ_9692
NH_PROJ_9693
NH_PROJ_9694
NH_PROJ_9695
NH_PROJ_9696
NH_PROJ_9699
NH_PROJ_9700
NH_PROJ_9701
NH_PROJ_9702
NH_PROJ_9703
NH_PROJ_9704
NH_PROJ_9705
NH_PROJ_9706
NH_PROJ_9707
NH_PROJ_9708
NH_PROJ_9709
NH_PROJ_9710
NH_PROJ_9713
NH_PROJ_9715
NH_PROJ_9716
NH_PROJ_9720
NH_PROJ_9726
NH_PROJ_9731
NH_PROJ_9732
NH_PROJ_9733
NH_PROJ_9734
NH_PROJ_9735
NH_PROJ_9736
NH_PROJ_9739
NH_PROJ_9740
NH_PROJ_9741
NH_PROJ_9743
NH_PROJ_9745
NH_PROJ_9746
NH_PROJ_9747
NH_PROJ_9748
NH_PROJ_9749
NH_PROJ_9751
NH_PROJ_9752
NH_PROJ_9753
NH_PROJ_9754
NH_PROJ_9756
NH_PROJ_9758
NH_PROJ_9759
NH_PROJ_9760
NH_PROJ_9761
NH_PROJ_9762
NH_PROJ_9764
NH_PROJ_9767
NH_PROJ_9768
NH_PROJ_9769
NH_PROJ_9772
NH_PROJ_9773
NH_PROJ_9774
NH_PROJ_9776
NH_PROJ_9777
NH_PROJ_9778
NH_PROJ_9779
NH_PROJ_9780
NH_PROJ_9781
NH_PROJ_9782
NH_PROJ_9783
NH_PROJ_9784
NH_PROJ_9786
NH_PROJ_9787
NH_PROJ_9788
NH_PROJ_9789
NH_PROJ_9790
NH_PROJ_9791
NH_PROJ_9792
NH_PROJ_9793
NH_PROJ_9794
NH_PROJ_9795
NH_PROJ_9797
NH_PROJ_9798
NH_PROJ_9799
NH_PROJ_9800
NH_PROJ_9801
NH_PROJ_9802
NH_PROJ_9803
NH_PROJ_9804
NH_PROJ_9805
NH_PROJ_9806
NH_PROJ_9807
NH_PROJ_9808
NH_PROJ_9809
NH_PROJ_9810
NH_PROJ_9815
NH_PROJ_9816
NH_PROJ_9818
NH_PROJ_9819
NH_PROJ_9820
NH_PROJ_9821
NH_PROJ_9822
NH_PROJ_9825
NH_PROJ_9826
NH_PROJ_9827
NH_PROJ_9828
NH_PROJ_9829
NH_PROJ_9830
NH_PROJ_9831
NH_PROJ_9832
NH_PROJ_9833
NH_PROJ_9834
NH_PROJ_9835
NH_PROJ_9836
NH_PROJ_9837
NH_PROJ_9838
NH_PROJ_9839
NH_PROJ_9840
NH_PROJ_9842
NH_PROJ_9843
NH_PROJ_9845
NH_PROJ_9846
NH_PROJ_9848
NH_PROJ_9851
NH_PROJ_9898
NH_PROJ_9972
ProjectId000
ProjectId0001
PROJ_01
TY_PROJ_2000
TY_PROJ_2001
TY_PROJ_2005
TY_PROJ_20232
TY_PROJ_2024
TY_PROJ_2025
ty_proj_2034
TY_PROJ_2106
TY_PROJ_2186
TY_PROJ_2187
TY_PROJ_2188
TY_PROJ_218889
TY_PROJ_21899
TY_PROJ_2198988
TY_PROJ_2198989
TY_PROJ_7723
TY_PROJ_7777
FB_1 is not available ==fail
]]></system-out>
  </testcase>
</testsuite>